Using pre-set license
Built from '2020.3/staging' branch; Version is '2020.3.21f1 (a38c86f6690f) revision 10718342'; Using compiler version '192528614'; Build Type 'Release'
OS: 'Windows 7  (6.1.0) 64bit' Language: 'zh' Physical Memory: 16294 MB
BatchMode: 1, IsHumanControllingUs: 0, StartBugReporterOnCrash: 0, Is64bit: 1, IsPro: 0

COMMAND LINE ARGUMENTS:
D:\Unity\Editor\2020.3.21f1\Editor\Unity.exe
-adb2
-batchMode
-noUpm
-name
AssetImportWorker0
-projectPath
E:/code/MyGameLearn/Unity/Playable/PlayableDemo
-logFile
Logs/AssetImportWorker0.log
-srvPort
53532
Successfully changed project path to: E:/code/MyGameLearn/Unity/Playable/PlayableDemo
E:/code/MyGameLearn/Unity/Playable/PlayableDemo
Using Asset Import Pipeline V2.
Refreshing native plugins compatible for Editor in 32.08 ms, found 2 plugins.
Preloading 0 native plugins for Editor in 0.00 ms.
Initialize engine version: 2020.3.21f1 (a38c86f6690f)
[Subsystems] Discovering subsystems at path D:/Unity/Editor/2020.3.21f1/Editor/Data/Resources/UnitySubsystems
[Subsystems] Discovering subsystems at path E:/code/MyGameLearn/Unity/Playable/PlayableDemo/Assets
GfxDevice: creating device client; threaded=0
d3d11: CreateDXGIFactory2(...) not found, fallbacking to CreateDXGIFactory1(...).
d3d11: QueryInterface(IDXGIFactory5) failed (80004002).
Direct3D:
    Version:  Direct3D 11.0 [level 11.0]
    Renderer: NVIDIA GeForce GTX 1650 (ID=0x1f82)
    Vendor:   
    VRAM:     3950 MB
Initialize mono
Mono path[0] = 'D:/Unity/Editor/2020.3.21f1/Editor/Data/Managed'
Mono path[1] = 'D:/Unity/Editor/2020.3.21f1/Editor/Data/MonoBleedingEdge/lib/mono/unityjit'
Mono config path = 'D:/Unity/Editor/2020.3.21f1/Editor/Data/MonoBleedingEdge/etc'
Using monoOptions --debugger-agent=transport=dt_socket,embedding=1,server=y,suspend=n,address=127.0.0.1:56708
Begin MonoManager ReloadAssembly
Registering precompiled unity dll's ...
Register platform support module: D:/Unity/Editor/2020.3.21f1/Editor/Data/PlaybackEngines/WindowsStandaloneSupport/UnityEditor.WindowsStandalone.Extensions.dll
Registered in 0.000503 seconds.
Native extension for WindowsStandalone target not found
Refreshing native plugins compatible for Editor in 31.71 ms, found 2 plugins.
Preloading 0 native plugins for Editor in 0.00 ms.
Mono: successfully reloaded assembly
- Completed reload, in  0.844 seconds
Domain Reload Profiling:
	ReloadAssembly (844ms)
		BeginReloadAssembly (40ms)
			ExecutionOrderSort (0ms)
			DisableScriptedObjects (0ms)
			BackupInstance (0ms)
			ReleaseScriptingObjects (0ms)
			CreateAndSetChildDomain (1ms)
		EndReloadAssembly (375ms)
			LoadAssemblies (39ms)
			RebuildTransferFunctionScriptingTraits (0ms)
			SetupTypeCache (125ms)
			ReleaseScriptCaches (0ms)
			RebuildScriptCaches (30ms)
			SetupLoadedEditorAssemblies (141ms)
				LogAssemblyErrors (0ms)
				InitializePlatformSupportModulesInManaged (3ms)
				SetLoadedEditorAssemblies (0ms)
				RefreshPlugins (32ms)
				BeforeProcessingInitializeOnLoad (13ms)
				ProcessInitializeOnLoadAttributes (69ms)
				ProcessInitializeOnLoadMethodAttributes (24ms)
				AfterProcessingInitializeOnLoad (0ms)
				EditorAssembliesLoaded (0ms)
			ExecutionOrderSort2 (0ms)
			AwakeInstancesAfterBackupRestoration (0ms)
Platform modules already initialized, skipping
Registering precompiled user dll's ...
Registered in 0.001984 seconds.
Begin MonoManager ReloadAssembly
Native extension for WindowsStandalone target not found
Refreshing native plugins compatible for Editor in 0.40 ms, found 2 plugins.
Preloading 0 native plugins for Editor in 0.00 ms.
Mono: successfully reloaded assembly
- Completed reload, in  0.826 seconds
Domain Reload Profiling:
	ReloadAssembly (826ms)
		BeginReloadAssembly (109ms)
			ExecutionOrderSort (0ms)
			DisableScriptedObjects (4ms)
			BackupInstance (0ms)
			ReleaseScriptingObjects (0ms)
			CreateAndSetChildDomain (13ms)
		EndReloadAssembly (674ms)
			LoadAssemblies (62ms)
			RebuildTransferFunctionScriptingTraits (0ms)
			SetupTypeCache (231ms)
			ReleaseScriptCaches (0ms)
			RebuildScriptCaches (45ms)
			SetupLoadedEditorAssemblies (260ms)
				LogAssemblyErrors (0ms)
				InitializePlatformSupportModulesInManaged (4ms)
				SetLoadedEditorAssemblies (0ms)
				RefreshPlugins (0ms)
				BeforeProcessingInitializeOnLoad (64ms)
				ProcessInitializeOnLoadAttributes (180ms)
				ProcessInitializeOnLoadMethodAttributes (10ms)
				AfterProcessingInitializeOnLoad (1ms)
				EditorAssembliesLoaded (0ms)
			ExecutionOrderSort2 (0ms)
			AwakeInstancesAfterBackupRestoration (5ms)
Platform modules already initialized, skipping
========================================================================
Worker process is ready to serve import requests
Launched and connected shader compiler UnityShaderCompiler.exe after 0.03 seconds
Refreshing native plugins compatible for Editor in 0.41 ms, found 2 plugins.
Preloading 0 native plugins for Editor in 0.00 ms.
Unloading 1766 Unused Serialized files (Serialized files now loaded: 0)
System memory in use before: 78.8 MB.
System memory in use after: 78.9 MB.

Unloading 21 unused Assets to reduce memory usage. Loaded Objects now: 2198.
Total: 2.871072 ms (FindLiveObjects: 0.289428 ms CreateObjectMapping: 0.117767 ms MarkObjects: 2.412230 ms  DeleteObjects: 0.050899 ms)

AssetImportParameters requested are different than current active one (requested -> active):
  custom:framework-win-MediaFoundation: 216162199b28c13a410421893ffa2e32 -> 
  custom:video-decoder-ogg-theora: a1e56fd34408186e4bbccfd4996cb3dc -> 
  custom:container-muxer-webm: aa71ff27fc2769a1b78a27578f13a17b -> 
  custom:container-demuxer-webm: 4f35f7cbe854078d1ac9338744f61a02 -> 
  custom:container-demuxer-ogg: 62fdf1f143b41e24485cea50d1cbac27 -> 
  custom:video-encoder-webm-vp8: eb34c28f22e8b96e1ab97ce403110664 -> 
  custom:video-decoder-webm-vp8: 9c59270c3fd7afecdb556c50c9e8de78 -> 
  custom:audio-decoder-ogg-vorbis: bf7c407c2cedff20999df2af8eb42d56 -> 
  custom:audio-encoder-webm-vorbis: bf7c407c2cedff20999df2af8eb42d56 -> 
========================================================================
Received Import Request.
  path: Assets/Plugins/Animancer/Examples/06 State Machines
  artifactKey: Guid(eaff0d2b1a77d8e4db8b46fa404461ab) Importer(815301076,1909f56bfc062723c751e8b465ee728b)
Start importing Assets/Plugins/Animancer/Examples/06 State Machines using Guid(eaff0d2b1a77d8e4db8b46fa404461ab) Importer(815301076,1909f56bfc062723c751e8b465ee728b)  -> (artifact id: 'b751fb545d97860edaf2ab904b1bc2f2') in 0.018662 seconds 
  Import took 0.021078 seconds .

========================================================================
Received Import Request.
  Time since last request: 12.573796 seconds.
  path: Assets/Plugins/Animancer/Examples/06 State Machines/03 Interrupt Management/Documentation.URL
  artifactKey: Guid(2908c8c346ab9dd438eaae0b61e694a7) Importer(815301076,1909f56bfc062723c751e8b465ee728b)
Start importing Assets/Plugins/Animancer/Examples/06 State Machines/03 Interrupt Management/Documentation.URL using Guid(2908c8c346ab9dd438eaae0b61e694a7) Importer(815301076,1909f56bfc062723c751e8b465ee728b)  -> (artifact id: '1548a9b7e46514c495f3475ead4f8ea2') in 0.113134 seconds 
  Import took 0.115682 seconds .

========================================================================
Received Prepare
Registering precompiled user dll's ...
Registered in 0.002009 seconds.
Begin MonoManager ReloadAssembly
Native extension for WindowsStandalone target not found
Refreshing native plugins compatible for Editor in 0.40 ms, found 2 plugins.
Preloading 0 native plugins for Editor in 0.00 ms.
Mono: successfully reloaded assembly
- Completed reload, in  0.785 seconds
Domain Reload Profiling:
	ReloadAssembly (785ms)
		BeginReloadAssembly (78ms)
			ExecutionOrderSort (0ms)
			DisableScriptedObjects (4ms)
			BackupInstance (0ms)
			ReleaseScriptingObjects (0ms)
			CreateAndSetChildDomain (25ms)
		EndReloadAssembly (663ms)
			LoadAssemblies (63ms)
			RebuildTransferFunctionScriptingTraits (0ms)
			SetupTypeCache (232ms)
			ReleaseScriptCaches (1ms)
			RebuildScriptCaches (38ms)
			SetupLoadedEditorAssemblies (246ms)
				LogAssemblyErrors (0ms)
				InitializePlatformSupportModulesInManaged (4ms)
				SetLoadedEditorAssemblies (0ms)
				RefreshPlugins (0ms)
				BeforeProcessingInitializeOnLoad (61ms)
				ProcessInitializeOnLoadAttributes (169ms)
				ProcessInitializeOnLoadMethodAttributes (9ms)
				AfterProcessingInitializeOnLoad (1ms)
				EditorAssembliesLoaded (0ms)
			ExecutionOrderSort2 (0ms)
			AwakeInstancesAfterBackupRestoration (6ms)
Platform modules already initialized, skipping
Refreshing native plugins compatible for Editor in 0.46 ms, found 2 plugins.
Preloading 0 native plugins for Editor in 0.00 ms.
Unloading 1747 Unused Serialized files (Serialized files now loaded: 0)
System memory in use before: 77.4 MB.
System memory in use after: 77.5 MB.

Unloading 16 unused Assets to reduce memory usage. Loaded Objects now: 2200.
Total: 2.937192 ms (FindLiveObjects: 0.167918 ms CreateObjectMapping: 0.061628 ms MarkObjects: 2.675709 ms  DeleteObjects: 0.030440 ms)

AssetImportParameters requested are different than current active one (requested -> active):
  custom:framework-win-MediaFoundation: 216162199b28c13a410421893ffa2e32 -> 
  custom:video-decoder-ogg-theora: a1e56fd34408186e4bbccfd4996cb3dc -> 
  custom:container-muxer-webm: aa71ff27fc2769a1b78a27578f13a17b -> 
  custom:container-demuxer-webm: 4f35f7cbe854078d1ac9338744f61a02 -> 
  custom:container-demuxer-ogg: 62fdf1f143b41e24485cea50d1cbac27 -> 
  custom:video-encoder-webm-vp8: eb34c28f22e8b96e1ab97ce403110664 -> 
  custom:video-decoder-webm-vp8: 9c59270c3fd7afecdb556c50c9e8de78 -> 
  custom:audio-decoder-ogg-vorbis: bf7c407c2cedff20999df2af8eb42d56 -> 
  custom:audio-encoder-webm-vorbis: bf7c407c2cedff20999df2af8eb42d56 -> 
========================================================================
Received Import Request.
  Time since last request: 317.661862 seconds.
  path: Assets/Plugins/Animancer/Examples/06 State Machines/01 Game Manager/GameManagerFSM.ActionState.cs
  artifactKey: Guid(23d6880596907f4489823c2ec578089e) Importer(815301076,1909f56bfc062723c751e8b465ee728b)
Start importing Assets/Plugins/Animancer/Examples/06 State Machines/01 Game Manager/GameManagerFSM.ActionState.cs using Guid(23d6880596907f4489823c2ec578089e) Importer(815301076,1909f56bfc062723c751e8b465ee728b)  -> (artifact id: 'cda09f8c879d1de4222f21bb7dbb4a28') in 0.006807 seconds 
  Import took 0.009067 seconds .

========================================================================
Received Import Request.
  Time since last request: 0.607854 seconds.
  path: Assets/Plugins/Animancer/Examples/06 State Machines/01 Game Manager/GameManagerFSM.FadeState.cs
  artifactKey: Guid(a107ba3dd93cb5f40866c0143e895dcd) Importer(815301076,1909f56bfc062723c751e8b465ee728b)
Start importing Assets/Plugins/Animancer/Examples/06 State Machines/01 Game Manager/GameManagerFSM.FadeState.cs using Guid(a107ba3dd93cb5f40866c0143e895dcd) Importer(815301076,1909f56bfc062723c751e8b465ee728b)  -> (artifact id: 'b8c1829414631022afcfa3457b3e1b22') in 0.002516 seconds 
  Import took 0.004809 seconds .

========================================================================
Received Import Request.
  Time since last request: 1.085631 seconds.
  path: Assets/Plugins/Animancer/Examples/06 State Machines/01 Game Manager/GameManagerFSM.ReadyState.cs
  artifactKey: Guid(df9fdbd694d05d24789265b036d55483) Importer(815301076,1909f56bfc062723c751e8b465ee728b)
Start importing Assets/Plugins/Animancer/Examples/06 State Machines/01 Game Manager/GameManagerFSM.ReadyState.cs using Guid(df9fdbd694d05d24789265b036d55483) Importer(815301076,1909f56bfc062723c751e8b465ee728b)  -> (artifact id: 'ec50330946169b6ebfc50a09e4e823e6') in 0.002290 seconds 
  Import took 0.004573 seconds .

========================================================================
Received Import Request.
  Time since last request: 3.010713 seconds.
  path: Assets/Plugins/Animancer/Examples/06 State Machines/02 Characters
  artifactKey: Guid(53eb91be8f4c82144a1ae08e2876e1db) Importer(815301076,1909f56bfc062723c751e8b465ee728b)
Start importing Assets/Plugins/Animancer/Examples/06 State Machines/02 Characters using Guid(53eb91be8f4c82144a1ae08e2876e1db) Importer(815301076,1909f56bfc062723c751e8b465ee728b)  -> (artifact id: '90234d91cca0340bc427634fcf29134e') in 0.003427 seconds 
  Import took 0.005787 seconds .

========================================================================
Received Import Request.
  Time since last request: 9.889499 seconds.
  path: Assets/Plugins/Animancer/Examples/07 Layers/Layers.unity
  artifactKey: Guid(acac7db7decf9e34587f11c5df46b13b) Importer(815301076,1909f56bfc062723c751e8b465ee728b)
Start importing Assets/Plugins/Animancer/Examples/07 Layers/Layers.unity using Guid(acac7db7decf9e34587f11c5df46b13b) Importer(815301076,1909f56bfc062723c751e8b465ee728b)  -> (artifact id: 'f95c77f84644330d209db9f8568b0868') in 0.023648 seconds 
  Import took 0.025973 seconds .

========================================================================
Received Import Request.
  Time since last request: 106.581443 seconds.
  path: Assets/Plugins/Animancer/Examples/08 Inverse Kinematics/Documentation.URL
  artifactKey: Guid(59ce445f5be6fd84d8805fdaa7ef6df0) Importer(815301076,1909f56bfc062723c751e8b465ee728b)
Start importing Assets/Plugins/Animancer/Examples/08 Inverse Kinematics/Documentation.URL using Guid(59ce445f5be6fd84d8805fdaa7ef6df0) Importer(815301076,1909f56bfc062723c751e8b465ee728b)  -> (artifact id: 'f591a83524e8a4c04cc8d34adda13fbd') in 0.003227 seconds 
  Import took 0.005676 seconds .

========================================================================
Received Import Request.
  Time since last request: 0.658416 seconds.
  path: Assets/Plugins/Animancer/Examples/08 Inverse Kinematics/01 Puppet
  artifactKey: Guid(f6e71509755dded41a1ce7dd7650816b) Importer(815301076,1909f56bfc062723c751e8b465ee728b)
Start importing Assets/Plugins/Animancer/Examples/08 Inverse Kinematics/01 Puppet using Guid(f6e71509755dded41a1ce7dd7650816b) Importer(815301076,1909f56bfc062723c751e8b465ee728b)  -> (artifact id: '65418d82698e514527bf0f38ff977586') in 0.002822 seconds 
  Import took 0.005214 seconds .

========================================================================
Received Import Request.
  Time since last request: 1.851054 seconds.
  path: Assets/Plugins/Animancer/Examples/08 Inverse Kinematics/01 Puppet/Puppet.unity
  artifactKey: Guid(ec8d802a502ae8b478740d949bedbbdf) Importer(815301076,1909f56bfc062723c751e8b465ee728b)
Start importing Assets/Plugins/Animancer/Examples/08 Inverse Kinematics/01 Puppet/Puppet.unity using Guid(ec8d802a502ae8b478740d949bedbbdf) Importer(815301076,1909f56bfc062723c751e8b465ee728b)  -> (artifact id: 'dcf3d4842e25dda30dfe63ef6574c967') in 0.005601 seconds 
  Import took 0.007892 seconds .

========================================================================
Received Prepare
Registering precompiled user dll's ...
Registered in 0.001968 seconds.
Begin MonoManager ReloadAssembly
Native extension for WindowsStandalone target not found
Refreshing native plugins compatible for Editor in 0.35 ms, found 2 plugins.
Preloading 0 native plugins for Editor in 0.00 ms.
Mono: successfully reloaded assembly
- Completed reload, in  0.809 seconds
Domain Reload Profiling:
	ReloadAssembly (810ms)
		BeginReloadAssembly (85ms)
			ExecutionOrderSort (0ms)
			DisableScriptedObjects (4ms)
			BackupInstance (0ms)
			ReleaseScriptingObjects (0ms)
			CreateAndSetChildDomain (30ms)
		EndReloadAssembly (680ms)
			LoadAssemblies (65ms)
			RebuildTransferFunctionScriptingTraits (0ms)
			SetupTypeCache (239ms)
			ReleaseScriptCaches (1ms)
			RebuildScriptCaches (44ms)
			SetupLoadedEditorAssemblies (248ms)
				LogAssemblyErrors (0ms)
				InitializePlatformSupportModulesInManaged (4ms)
				SetLoadedEditorAssemblies (0ms)
				RefreshPlugins (0ms)
				BeforeProcessingInitializeOnLoad (61ms)
				ProcessInitializeOnLoadAttributes (168ms)
				ProcessInitializeOnLoadMethodAttributes (11ms)
				AfterProcessingInitializeOnLoad (1ms)
				EditorAssembliesLoaded (0ms)
			ExecutionOrderSort2 (0ms)
			AwakeInstancesAfterBackupRestoration (6ms)
Platform modules already initialized, skipping
Refreshing native plugins compatible for Editor in 0.40 ms, found 2 plugins.
Preloading 0 native plugins for Editor in 0.00 ms.
Unloading 1747 Unused Serialized files (Serialized files now loaded: 0)
System memory in use before: 77.4 MB.
System memory in use after: 77.5 MB.

Unloading 16 unused Assets to reduce memory usage. Loaded Objects now: 2202.
Total: 2.771270 ms (FindLiveObjects: 0.277701 ms CreateObjectMapping: 0.116270 ms MarkObjects: 2.355841 ms  DeleteObjects: 0.020460 ms)

AssetImportParameters requested are different than current active one (requested -> active):
  custom:framework-win-MediaFoundation: 216162199b28c13a410421893ffa2e32 -> 
  custom:video-decoder-ogg-theora: a1e56fd34408186e4bbccfd4996cb3dc -> 
  custom:container-muxer-webm: aa71ff27fc2769a1b78a27578f13a17b -> 
  custom:container-demuxer-webm: 4f35f7cbe854078d1ac9338744f61a02 -> 
  custom:container-demuxer-ogg: 62fdf1f143b41e24485cea50d1cbac27 -> 
  custom:video-encoder-webm-vp8: eb34c28f22e8b96e1ab97ce403110664 -> 
  custom:video-decoder-webm-vp8: 9c59270c3fd7afecdb556c50c9e8de78 -> 
  custom:audio-decoder-ogg-vorbis: bf7c407c2cedff20999df2af8eb42d56 -> 
  custom:audio-encoder-webm-vorbis: bf7c407c2cedff20999df2af8eb42d56 -> 
========================================================================
Received Import Request.
  Time since last request: 385.083157 seconds.
  path: Assets/Plugins/Animancer/Examples/09 Animator Controllers
  artifactKey: Guid(25a4e815f8cc9af4786f77b260ae485e) Importer(815301076,1909f56bfc062723c751e8b465ee728b)
Start importing Assets/Plugins/Animancer/Examples/09 Animator Controllers using Guid(25a4e815f8cc9af4786f77b260ae485e) Importer(815301076,1909f56bfc062723c751e8b465ee728b)  -> (artifact id: '454ae1ef394c30c2269dbef85e98a752') in 0.025869 seconds 
  Import took 0.028169 seconds .

========================================================================
Received Import Request.
  Time since last request: 4.813270 seconds.
  path: Assets/Plugins/Animancer/Examples/08 Inverse Kinematics/02 Uneven Ground/Uneven Ground.unity
  artifactKey: Guid(27b9d2e3895300b4f913a13d92916c55) Importer(815301076,1909f56bfc062723c751e8b465ee728b)
Start importing Assets/Plugins/Animancer/Examples/08 Inverse Kinematics/02 Uneven Ground/Uneven Ground.unity using Guid(27b9d2e3895300b4f913a13d92916c55) Importer(815301076,1909f56bfc062723c751e8b465ee728b)  -> (artifact id: 'a907b8215707c80d6bf7374e3c43fd4f') in 0.008156 seconds 
  Import took 0.010492 seconds .

========================================================================
Received Prepare
Registering precompiled user dll's ...
Registered in 0.002006 seconds.
Begin MonoManager ReloadAssembly
Native extension for WindowsStandalone target not found
Refreshing native plugins compatible for Editor in 0.37 ms, found 2 plugins.
Preloading 0 native plugins for Editor in 0.00 ms.
Mono: successfully reloaded assembly
- Completed reload, in  0.765 seconds
Domain Reload Profiling:
	ReloadAssembly (765ms)
		BeginReloadAssembly (74ms)
			ExecutionOrderSort (0ms)
			DisableScriptedObjects (4ms)
			BackupInstance (0ms)
			ReleaseScriptingObjects (0ms)
			CreateAndSetChildDomain (25ms)
		EndReloadAssembly (648ms)
			LoadAssemblies (62ms)
			RebuildTransferFunctionScriptingTraits (0ms)
			SetupTypeCache (227ms)
			ReleaseScriptCaches (1ms)
			RebuildScriptCaches (37ms)
			SetupLoadedEditorAssemblies (239ms)
				LogAssemblyErrors (0ms)
				InitializePlatformSupportModulesInManaged (4ms)
				SetLoadedEditorAssemblies (0ms)
				RefreshPlugins (0ms)
				BeforeProcessingInitializeOnLoad (59ms)
				ProcessInitializeOnLoadAttributes (164ms)
				ProcessInitializeOnLoadMethodAttributes (9ms)
				AfterProcessingInitializeOnLoad (1ms)
				EditorAssembliesLoaded (0ms)
			ExecutionOrderSort2 (0ms)
			AwakeInstancesAfterBackupRestoration (5ms)
Platform modules already initialized, skipping
Refreshing native plugins compatible for Editor in 0.40 ms, found 2 plugins.
Preloading 0 native plugins for Editor in 0.00 ms.
Unloading 1747 Unused Serialized files (Serialized files now loaded: 0)
System memory in use before: 77.4 MB.
System memory in use after: 77.6 MB.

Unloading 16 unused Assets to reduce memory usage. Loaded Objects now: 2204.
Total: 2.299952 ms (FindLiveObjects: 0.149953 ms CreateObjectMapping: 0.056638 ms MarkObjects: 2.080885 ms  DeleteObjects: 0.011976 ms)

AssetImportParameters requested are different than current active one (requested -> active):
  custom:framework-win-MediaFoundation: 216162199b28c13a410421893ffa2e32 -> 
  custom:video-decoder-ogg-theora: a1e56fd34408186e4bbccfd4996cb3dc -> 
  custom:container-muxer-webm: aa71ff27fc2769a1b78a27578f13a17b -> 
  custom:container-demuxer-webm: 4f35f7cbe854078d1ac9338744f61a02 -> 
  custom:container-demuxer-ogg: 62fdf1f143b41e24485cea50d1cbac27 -> 
  custom:video-encoder-webm-vp8: eb34c28f22e8b96e1ab97ce403110664 -> 
  custom:video-decoder-webm-vp8: 9c59270c3fd7afecdb556c50c9e8de78 -> 
  custom:audio-decoder-ogg-vorbis: bf7c407c2cedff20999df2af8eb42d56 -> 
  custom:audio-encoder-webm-vorbis: bf7c407c2cedff20999df2af8eb42d56 -> 
========================================================================
Received Import Request.
  Time since last request: 903.358026 seconds.
  path: Assets/Plugins/Animancer/Examples/07 Layers/Upper Body.mask
  artifactKey: Guid(2ee86d3a5e2d3cf4fa965c906da1eb50) Importer(815301076,1909f56bfc062723c751e8b465ee728b)
Start importing Assets/Plugins/Animancer/Examples/07 Layers/Upper Body.mask using Guid(2ee86d3a5e2d3cf4fa965c906da1eb50) Importer(815301076,1909f56bfc062723c751e8b465ee728b)  -> (artifact id: 'ed42242657ae444620cf7359cebecef6') in 0.011684 seconds 
  Import took 0.014200 seconds .

========================================================================
Received Import Request.
  Time since last request: 188.990979 seconds.
  path: Assets/Plugins/Animancer/Examples/08 Inverse Kinematics/01 Puppet/Puppet.unity
  artifactKey: Guid(ec8d802a502ae8b478740d949bedbbdf) Importer(815301076,1909f56bfc062723c751e8b465ee728b)
Start importing Assets/Plugins/Animancer/Examples/08 Inverse Kinematics/01 Puppet/Puppet.unity using Guid(ec8d802a502ae8b478740d949bedbbdf) Importer(815301076,1909f56bfc062723c751e8b465ee728b)  -> (artifact id: 'c0f6c92994ec29a3befa332284ff504e') in 0.003409 seconds 
  Import took 0.006007 seconds .

========================================================================
Received Prepare
Registering precompiled user dll's ...
Registered in 0.001863 seconds.
Begin MonoManager ReloadAssembly
Native extension for WindowsStandalone target not found
Refreshing native plugins compatible for Editor in 0.42 ms, found 2 plugins.
Preloading 0 native plugins for Editor in 0.00 ms.
Mono: successfully reloaded assembly
- Completed reload, in  0.719 seconds
Domain Reload Profiling:
	ReloadAssembly (719ms)
		BeginReloadAssembly (73ms)
			ExecutionOrderSort (0ms)
			DisableScriptedObjects (4ms)
			BackupInstance (0ms)
			ReleaseScriptingObjects (0ms)
			CreateAndSetChildDomain (24ms)
		EndReloadAssembly (605ms)
			LoadAssemblies (59ms)
			RebuildTransferFunctionScriptingTraits (0ms)
			SetupTypeCache (211ms)
			ReleaseScriptCaches (1ms)
			RebuildScriptCaches (34ms)
			SetupLoadedEditorAssemblies (225ms)
				LogAssemblyErrors (0ms)
				InitializePlatformSupportModulesInManaged (4ms)
				SetLoadedEditorAssemblies (0ms)
				RefreshPlugins (0ms)
				BeforeProcessingInitializeOnLoad (55ms)
				ProcessInitializeOnLoadAttributes (156ms)
				ProcessInitializeOnLoadMethodAttributes (8ms)
				AfterProcessingInitializeOnLoad (1ms)
				EditorAssembliesLoaded (0ms)
			ExecutionOrderSort2 (0ms)
			AwakeInstancesAfterBackupRestoration (5ms)
Platform modules already initialized, skipping
Refreshing native plugins compatible for Editor in 0.35 ms, found 2 plugins.
Preloading 0 native plugins for Editor in 0.00 ms.
Unloading 1747 Unused Serialized files (Serialized files now loaded: 0)
System memory in use before: 77.5 MB.
System memory in use after: 77.6 MB.

Unloading 16 unused Assets to reduce memory usage. Loaded Objects now: 2206.
Total: 4.180483 ms (FindLiveObjects: 0.152199 ms CreateObjectMapping: 0.056139 ms MarkObjects: 3.958422 ms  DeleteObjects: 0.012725 ms)

AssetImportParameters requested are different than current active one (requested -> active):
  custom:framework-win-MediaFoundation: 216162199b28c13a410421893ffa2e32 -> 
  custom:video-decoder-ogg-theora: a1e56fd34408186e4bbccfd4996cb3dc -> 
  custom:container-muxer-webm: aa71ff27fc2769a1b78a27578f13a17b -> 
  custom:container-demuxer-webm: 4f35f7cbe854078d1ac9338744f61a02 -> 
  custom:container-demuxer-ogg: 62fdf1f143b41e24485cea50d1cbac27 -> 
  custom:video-encoder-webm-vp8: eb34c28f22e8b96e1ab97ce403110664 -> 
  custom:video-decoder-webm-vp8: 9c59270c3fd7afecdb556c50c9e8de78 -> 
  custom:audio-decoder-ogg-vorbis: bf7c407c2cedff20999df2af8eb42d56 -> 
  custom:audio-encoder-webm-vorbis: bf7c407c2cedff20999df2af8eb42d56 -> 
========================================================================
Received Import Request.
  Time since last request: 47.731089 seconds.
  path: Assets/Plugins/Animancer/Examples/08 Inverse Kinematics
  artifactKey: Guid(916cc327d7473ac428684ec4adbe2896) Importer(815301076,1909f56bfc062723c751e8b465ee728b)
Start importing Assets/Plugins/Animancer/Examples/08 Inverse Kinematics using Guid(916cc327d7473ac428684ec4adbe2896) Importer(815301076,1909f56bfc062723c751e8b465ee728b)  -> (artifact id: 'de75ebdd4eaff11587fe5767c588f0e8') in 0.005627 seconds 
  Import took 0.008041 seconds .

========================================================================
Received Import Request.
  Time since last request: 7.364499 seconds.
  path: Assets/Plugins/Animancer/Examples/09 Animator Controllers/01 Hybrid Basics/Hybrid Basics.unity
  artifactKey: Guid(719e1ffc1f7855f47be0a6c096acaaed) Importer(815301076,1909f56bfc062723c751e8b465ee728b)
Start importing Assets/Plugins/Animancer/Examples/09 Animator Controllers/01 Hybrid Basics/Hybrid Basics.unity using Guid(719e1ffc1f7855f47be0a6c096acaaed) Importer(815301076,1909f56bfc062723c751e8b465ee728b)  -> (artifact id: 'c7f8c20fb13ff152df071596ef8286a8') in 0.009153 seconds 
  Import took 0.011535 seconds .

========================================================================
Received Prepare
Registering precompiled user dll's ...
Registered in 0.001938 seconds.
Begin MonoManager ReloadAssembly
Native extension for WindowsStandalone target not found
Refreshing native plugins compatible for Editor in 0.71 ms, found 2 plugins.
Preloading 0 native plugins for Editor in 0.00 ms.
Mono: successfully reloaded assembly
- Completed reload, in  0.792 seconds
Domain Reload Profiling:
	ReloadAssembly (792ms)
		BeginReloadAssembly (78ms)
			ExecutionOrderSort (0ms)
			DisableScriptedObjects (4ms)
			BackupInstance (0ms)
			ReleaseScriptingObjects (0ms)
			CreateAndSetChildDomain (26ms)
		EndReloadAssembly (669ms)
			LoadAssemblies (65ms)
			RebuildTransferFunctionScriptingTraits (0ms)
			SetupTypeCache (234ms)
			ReleaseScriptCaches (1ms)
			RebuildScriptCaches (37ms)
			SetupLoadedEditorAssemblies (250ms)
				LogAssemblyErrors (0ms)
				InitializePlatformSupportModulesInManaged (4ms)
				SetLoadedEditorAssemblies (1ms)
				RefreshPlugins (1ms)
				BeforeProcessingInitializeOnLoad (60ms)
				ProcessInitializeOnLoadAttributes (173ms)
				ProcessInitializeOnLoadMethodAttributes (9ms)
				AfterProcessingInitializeOnLoad (1ms)
				EditorAssembliesLoaded (0ms)
			ExecutionOrderSort2 (0ms)
			AwakeInstancesAfterBackupRestoration (6ms)
Platform modules already initialized, skipping
Refreshing native plugins compatible for Editor in 0.36 ms, found 2 plugins.
Preloading 0 native plugins for Editor in 0.00 ms.
Unloading 1747 Unused Serialized files (Serialized files now loaded: 0)
System memory in use before: 77.5 MB.
System memory in use after: 77.6 MB.

Unloading 16 unused Assets to reduce memory usage. Loaded Objects now: 2208.
Total: 2.998570 ms (FindLiveObjects: 0.175902 ms CreateObjectMapping: 0.066119 ms MarkObjects: 2.733594 ms  DeleteObjects: 0.021458 ms)

AssetImportParameters requested are different than current active one (requested -> active):
  custom:framework-win-MediaFoundation: 216162199b28c13a410421893ffa2e32 -> 
  custom:video-decoder-ogg-theora: a1e56fd34408186e4bbccfd4996cb3dc -> 
  custom:container-muxer-webm: aa71ff27fc2769a1b78a27578f13a17b -> 
  custom:container-demuxer-webm: 4f35f7cbe854078d1ac9338744f61a02 -> 
  custom:container-demuxer-ogg: 62fdf1f143b41e24485cea50d1cbac27 -> 
  custom:video-encoder-webm-vp8: eb34c28f22e8b96e1ab97ce403110664 -> 
  custom:video-decoder-webm-vp8: 9c59270c3fd7afecdb556c50c9e8de78 -> 
  custom:audio-decoder-ogg-vorbis: bf7c407c2cedff20999df2af8eb42d56 -> 
  custom:audio-encoder-webm-vorbis: bf7c407c2cedff20999df2af8eb42d56 -> 
========================================================================
Received Import Request.
  Time since last request: 170.018110 seconds.
  path: Assets/Plugins/Animancer/Examples/09 Animator Controllers/02 Hybrid Mini Game/Hybrid Mini Game.unity
  artifactKey: Guid(ca5aadb212cdae34b9d4394f79a9b733) Importer(815301076,1909f56bfc062723c751e8b465ee728b)
Start importing Assets/Plugins/Animancer/Examples/09 Animator Controllers/02 Hybrid Mini Game/Hybrid Mini Game.unity using Guid(ca5aadb212cdae34b9d4394f79a9b733) Importer(815301076,1909f56bfc062723c751e8b465ee728b)  -> (artifact id: '3a0c4cdf0b4ab5bb6ebe13bfbaea7c3c') in 0.010222 seconds 
  Import took 0.012726 seconds .

========================================================================
Received Import Request.
  Time since last request: 123.218118 seconds.
  path: Assets/Plugins/Animancer/Examples/09 Animator Controllers/01 Hybrid Basics
  artifactKey: Guid(69a46e874d7121e44b34854ed4aad9a5) Importer(815301076,1909f56bfc062723c751e8b465ee728b)
Start importing Assets/Plugins/Animancer/Examples/09 Animator Controllers/01 Hybrid Basics using Guid(69a46e874d7121e44b34854ed4aad9a5) Importer(815301076,1909f56bfc062723c751e8b465ee728b)  -> (artifact id: 'a7e1e277d3bf9370db03f6ea09cbc59c') in 0.002645 seconds 
  Import took 0.005019 seconds .

========================================================================
Received Import Request.
  Time since last request: 5.311656 seconds.
  path: Assets/Plugins/Animancer/Examples/09 Animator Controllers/03 3D Game Kit/3D Game Kit (check the Read Me first).unity
  artifactKey: Guid(5c9cda041e9dd444a8470d4e2b9c5e62) Importer(815301076,1909f56bfc062723c751e8b465ee728b)
Start importing Assets/Plugins/Animancer/Examples/09 Animator Controllers/03 3D Game Kit/3D Game Kit (check the Read Me first).unity using Guid(5c9cda041e9dd444a8470d4e2b9c5e62) Importer(815301076,1909f56bfc062723c751e8b465ee728b)  -> (artifact id: '4f2e2da1a3db796bcf1dd3b2009b2ad1') in 0.002588 seconds 
  Import took 0.004878 seconds .

========================================================================
Received Import Request.
  Time since last request: 49.450463 seconds.
  path: Assets/Plugins/Animancer/Examples/10 Animation Jobs/01 Two Bone IK/Two Bone IK.unity
  artifactKey: Guid(78d8f7266fff42e488c6bdc105f65b0a) Importer(815301076,1909f56bfc062723c751e8b465ee728b)
Start importing Assets/Plugins/Animancer/Examples/10 Animation Jobs/01 Two Bone IK/Two Bone IK.unity using Guid(78d8f7266fff42e488c6bdc105f65b0a) Importer(815301076,1909f56bfc062723c751e8b465ee728b)  -> (artifact id: '6d0ccc5f4088408180e8f1e89e4489fa') in 0.003045 seconds 
  Import took 0.005588 seconds .

========================================================================
Received Prepare
Registering precompiled user dll's ...
Registered in 0.001769 seconds.
Begin MonoManager ReloadAssembly
Native extension for WindowsStandalone target not found
Refreshing native plugins compatible for Editor in 0.45 ms, found 2 plugins.
Preloading 0 native plugins for Editor in 0.00 ms.
Mono: successfully reloaded assembly
- Completed reload, in  0.712 seconds
Domain Reload Profiling:
	ReloadAssembly (712ms)
		BeginReloadAssembly (72ms)
			ExecutionOrderSort (0ms)
			DisableScriptedObjects (4ms)
			BackupInstance (0ms)
			ReleaseScriptingObjects (0ms)
			CreateAndSetChildDomain (23ms)
		EndReloadAssembly (601ms)
			LoadAssemblies (57ms)
			RebuildTransferFunctionScriptingTraits (0ms)
			SetupTypeCache (208ms)
			ReleaseScriptCaches (1ms)
			RebuildScriptCaches (34ms)
			SetupLoadedEditorAssemblies (224ms)
				LogAssemblyErrors (0ms)
				InitializePlatformSupportModulesInManaged (4ms)
				SetLoadedEditorAssemblies (0ms)
				RefreshPlugins (1ms)
				BeforeProcessingInitializeOnLoad (56ms)
				ProcessInitializeOnLoadAttributes (154ms)
				ProcessInitializeOnLoadMethodAttributes (8ms)
				AfterProcessingInitializeOnLoad (1ms)
				EditorAssembliesLoaded (0ms)
			ExecutionOrderSort2 (0ms)
			AwakeInstancesAfterBackupRestoration (5ms)
Platform modules already initialized, skipping
Refreshing native plugins compatible for Editor in 0.40 ms, found 2 plugins.
Preloading 0 native plugins for Editor in 0.00 ms.
Unloading 1747 Unused Serialized files (Serialized files now loaded: 0)
System memory in use before: 77.5 MB.
System memory in use after: 77.6 MB.

Unloading 16 unused Assets to reduce memory usage. Loaded Objects now: 2210.
Total: 2.698414 ms (FindLiveObjects: 0.206841 ms CreateObjectMapping: 0.090072 ms MarkObjects: 2.387030 ms  DeleteObjects: 0.013972 ms)

AssetImportParameters requested are different than current active one (requested -> active):
  custom:framework-win-MediaFoundation: 216162199b28c13a410421893ffa2e32 -> 
  custom:video-decoder-ogg-theora: a1e56fd34408186e4bbccfd4996cb3dc -> 
  custom:container-muxer-webm: aa71ff27fc2769a1b78a27578f13a17b -> 
  custom:container-demuxer-webm: 4f35f7cbe854078d1ac9338744f61a02 -> 
  custom:container-demuxer-ogg: 62fdf1f143b41e24485cea50d1cbac27 -> 
  custom:video-encoder-webm-vp8: eb34c28f22e8b96e1ab97ce403110664 -> 
  custom:video-decoder-webm-vp8: 9c59270c3fd7afecdb556c50c9e8de78 -> 
  custom:audio-decoder-ogg-vorbis: bf7c407c2cedff20999df2af8eb42d56 -> 
  custom:audio-encoder-webm-vorbis: bf7c407c2cedff20999df2af8eb42d56 -> 
========================================================================
Received Import Request.
  Time since last request: 78.296127 seconds.
  path: Assets/Plugins/Animancer/Examples/10 Animation Jobs/02 Damping/Damping.unity
  artifactKey: Guid(00bb75d9181c4df43973ad0012760867) Importer(815301076,1909f56bfc062723c751e8b465ee728b)
Start importing Assets/Plugins/Animancer/Examples/10 Animation Jobs/02 Damping/Damping.unity using Guid(00bb75d9181c4df43973ad0012760867) Importer(815301076,1909f56bfc062723c751e8b465ee728b)  -> (artifact id: '26e03858059f193512ce70ba7dd50a84') in 0.010339 seconds 
  Import took 0.012702 seconds .

========================================================================
Received Import Request.
  Time since last request: 41.612384 seconds.
  path: Assets/Plugins/Animancer/Examples/10 Animation Jobs/02 Damping
  artifactKey: Guid(059aa612f038bbe40bbb1b8d6b76640f) Importer(815301076,1909f56bfc062723c751e8b465ee728b)
Start importing Assets/Plugins/Animancer/Examples/10 Animation Jobs/02 Damping using Guid(059aa612f038bbe40bbb1b8d6b76640f) Importer(815301076,1909f56bfc062723c751e8b465ee728b)  -> (artifact id: '7bd31363ff0e991b4a18826e8fdf85f9') in 0.002642 seconds 
  Import took 0.005134 seconds .

========================================================================
Received Prepare
Registering precompiled user dll's ...
Registered in 0.002026 seconds.
Begin MonoManager ReloadAssembly
Native extension for WindowsStandalone target not found
Refreshing native plugins compatible for Editor in 0.38 ms, found 2 plugins.
Preloading 0 native plugins for Editor in 0.00 ms.
Mono: successfully reloaded assembly
- Completed reload, in  0.790 seconds
Domain Reload Profiling:
	ReloadAssembly (790ms)
		BeginReloadAssembly (77ms)
			ExecutionOrderSort (0ms)
			DisableScriptedObjects (4ms)
			BackupInstance (0ms)
			ReleaseScriptingObjects (0ms)
			CreateAndSetChildDomain (26ms)
		EndReloadAssembly (669ms)
			LoadAssemblies (61ms)
			RebuildTransferFunctionScriptingTraits (0ms)
			SetupTypeCache (231ms)
			ReleaseScriptCaches (1ms)
			RebuildScriptCaches (39ms)
			SetupLoadedEditorAssemblies (254ms)
				LogAssemblyErrors (0ms)
				InitializePlatformSupportModulesInManaged (4ms)
				SetLoadedEditorAssemblies (0ms)
				RefreshPlugins (0ms)
				BeforeProcessingInitializeOnLoad (70ms)
				ProcessInitializeOnLoadAttributes (168ms)
				ProcessInitializeOnLoadMethodAttributes (10ms)
				AfterProcessingInitializeOnLoad (2ms)
				EditorAssembliesLoaded (0ms)
			ExecutionOrderSort2 (0ms)
			AwakeInstancesAfterBackupRestoration (7ms)
Platform modules already initialized, skipping
Refreshing native plugins compatible for Editor in 0.35 ms, found 2 plugins.
Preloading 0 native plugins for Editor in 0.00 ms.
Unloading 1747 Unused Serialized files (Serialized files now loaded: 0)
System memory in use before: 77.5 MB.
System memory in use after: 77.6 MB.

Unloading 16 unused Assets to reduce memory usage. Loaded Objects now: 2212.
Total: 2.582144 ms (FindLiveObjects: 0.170164 ms CreateObjectMapping: 0.065870 ms MarkObjects: 2.331140 ms  DeleteObjects: 0.013972 ms)

AssetImportParameters requested are different than current active one (requested -> active):
  custom:framework-win-MediaFoundation: 216162199b28c13a410421893ffa2e32 -> 
  custom:video-decoder-ogg-theora: a1e56fd34408186e4bbccfd4996cb3dc -> 
  custom:container-muxer-webm: aa71ff27fc2769a1b78a27578f13a17b -> 
  custom:container-demuxer-webm: 4f35f7cbe854078d1ac9338744f61a02 -> 
  custom:container-demuxer-ogg: 62fdf1f143b41e24485cea50d1cbac27 -> 
  custom:video-encoder-webm-vp8: eb34c28f22e8b96e1ab97ce403110664 -> 
  custom:video-decoder-webm-vp8: 9c59270c3fd7afecdb556c50c9e8de78 -> 
  custom:audio-decoder-ogg-vorbis: bf7c407c2cedff20999df2af8eb42d56 -> 
  custom:audio-encoder-webm-vorbis: bf7c407c2cedff20999df2af8eb42d56 -> 
========================================================================
Received Import Request.
  Time since last request: 57.038727 seconds.
  path: Assets/Plugins/Animancer/Examples/10 Animation Jobs/03 Lean/Lean.unity
  artifactKey: Guid(50602b58e6d8cd64ea1d8c96eac355c2) Importer(815301076,1909f56bfc062723c751e8b465ee728b)
Start importing Assets/Plugins/Animancer/Examples/10 Animation Jobs/03 Lean/Lean.unity using Guid(50602b58e6d8cd64ea1d8c96eac355c2) Importer(815301076,1909f56bfc062723c751e8b465ee728b)  -> (artifact id: '521ecb42ef5b4449fd43718c1ce99345') in 0.010983 seconds 
  Import took 0.013491 seconds .

========================================================================
Received Prepare
Registering precompiled user dll's ...
Registered in 0.002011 seconds.
Begin MonoManager ReloadAssembly
Native extension for WindowsStandalone target not found
Refreshing native plugins compatible for Editor in 0.37 ms, found 2 plugins.
Preloading 0 native plugins for Editor in 0.00 ms.
Mono: successfully reloaded assembly
- Completed reload, in  0.794 seconds
Domain Reload Profiling:
	ReloadAssembly (795ms)
		BeginReloadAssembly (76ms)
			ExecutionOrderSort (0ms)
			DisableScriptedObjects (4ms)
			BackupInstance (0ms)
			ReleaseScriptingObjects (0ms)
			CreateAndSetChildDomain (25ms)
		EndReloadAssembly (674ms)
			LoadAssemblies (61ms)
			RebuildTransferFunctionScriptingTraits (0ms)
			SetupTypeCache (233ms)
			ReleaseScriptCaches (1ms)
			RebuildScriptCaches (39ms)
			SetupLoadedEditorAssemblies (254ms)
				LogAssemblyErrors (0ms)
				InitializePlatformSupportModulesInManaged (4ms)
				SetLoadedEditorAssemblies (0ms)
				RefreshPlugins (0ms)
				BeforeProcessingInitializeOnLoad (60ms)
				ProcessInitializeOnLoadAttributes (169ms)
				ProcessInitializeOnLoadMethodAttributes (18ms)
				AfterProcessingInitializeOnLoad (2ms)
				EditorAssembliesLoaded (0ms)
			ExecutionOrderSort2 (0ms)
			AwakeInstancesAfterBackupRestoration (6ms)
Platform modules already initialized, skipping
Refreshing native plugins compatible for Editor in 0.48 ms, found 2 plugins.
Preloading 0 native plugins for Editor in 0.00 ms.
Unloading 1747 Unused Serialized files (Serialized files now loaded: 0)
System memory in use before: 77.5 MB.
System memory in use after: 77.6 MB.

Unloading 16 unused Assets to reduce memory usage. Loaded Objects now: 2214.
Total: 2.702156 ms (FindLiveObjects: 0.171411 ms CreateObjectMapping: 0.106539 ms MarkObjects: 2.408737 ms  DeleteObjects: 0.014721 ms)

AssetImportParameters requested are different than current active one (requested -> active):
  custom:framework-win-MediaFoundation: 216162199b28c13a410421893ffa2e32 -> 
  custom:video-decoder-ogg-theora: a1e56fd34408186e4bbccfd4996cb3dc -> 
  custom:container-muxer-webm: aa71ff27fc2769a1b78a27578f13a17b -> 
  custom:container-demuxer-webm: 4f35f7cbe854078d1ac9338744f61a02 -> 
  custom:container-demuxer-ogg: 62fdf1f143b41e24485cea50d1cbac27 -> 
  custom:video-encoder-webm-vp8: eb34c28f22e8b96e1ab97ce403110664 -> 
  custom:video-decoder-webm-vp8: 9c59270c3fd7afecdb556c50c9e8de78 -> 
  custom:audio-decoder-ogg-vorbis: bf7c407c2cedff20999df2af8eb42d56 -> 
  custom:audio-encoder-webm-vorbis: bf7c407c2cedff20999df2af8eb42d56 -> 
========================================================================
Received Import Request.
  Time since last request: 908.924133 seconds.
  path: Assets/Plugins/Animancer/Examples/01 Basics/02 Playing And Fading
  artifactKey: Guid(f59c56d7a1823ea43b4ad425047eac30) Importer(815301076,1909f56bfc062723c751e8b465ee728b)
Start importing Assets/Plugins/Animancer/Examples/01 Basics/02 Playing And Fading using Guid(f59c56d7a1823ea43b4ad425047eac30) Importer(815301076,1909f56bfc062723c751e8b465ee728b)  -> (artifact id: '5a661943970241c7f2d6ee4f07a0a95e') in 0.005944 seconds 
  Import took 0.008501 seconds .

========================================================================
Received Import Request.
  Time since last request: 15.664160 seconds.
  path: Assets/Plugins/Animancer/Examples/06 State Machines/01 Game Manager/GameManagerFSM.cs
  artifactKey: Guid(c46a85dfa4792754a8ea5617ea178bb2) Importer(815301076,1909f56bfc062723c751e8b465ee728b)
Start importing Assets/Plugins/Animancer/Examples/06 State Machines/01 Game Manager/GameManagerFSM.cs using Guid(c46a85dfa4792754a8ea5617ea178bb2) Importer(815301076,1909f56bfc062723c751e8b465ee728b)  -> (artifact id: '8235de002c4b9d4f8c1ae479c17394bf') in 0.002367 seconds 
  Import took 0.004466 seconds .

========================================================================
Received Prepare
Registering precompiled user dll's ...
Registered in 0.203078 seconds.
Begin MonoManager ReloadAssembly
Native extension for WindowsStandalone target not found
Refreshing native plugins compatible for Editor in 0.35 ms, found 2 plugins.
Preloading 0 native plugins for Editor in 0.00 ms.
Mono: successfully reloaded assembly
- Completed reload, in  1.288 seconds
Domain Reload Profiling:
	ReloadAssembly (1288ms)
		BeginReloadAssembly (72ms)
			ExecutionOrderSort (0ms)
			DisableScriptedObjects (4ms)
			BackupInstance (0ms)
			ReleaseScriptingObjects (0ms)
			CreateAndSetChildDomain (24ms)
		EndReloadAssembly (1175ms)
			LoadAssemblies (568ms)
			RebuildTransferFunctionScriptingTraits (0ms)
			SetupTypeCache (207ms)
			ReleaseScriptCaches (1ms)
			RebuildScriptCaches (35ms)
			SetupLoadedEditorAssemblies (288ms)
				LogAssemblyErrors (0ms)
				InitializePlatformSupportModulesInManaged (4ms)
				SetLoadedEditorAssemblies (0ms)
				RefreshPlugins (0ms)
				BeforeProcessingInitializeOnLoad (55ms)
				ProcessInitializeOnLoadAttributes (179ms)
				ProcessInitializeOnLoadMethodAttributes (47ms)
				AfterProcessingInitializeOnLoad (1ms)
				EditorAssembliesLoaded (0ms)
			ExecutionOrderSort2 (0ms)
			AwakeInstancesAfterBackupRestoration (6ms)
Platform modules already initialized, skipping
Refreshing native plugins compatible for Editor in 0.40 ms, found 2 plugins.
Preloading 0 native plugins for Editor in 0.00 ms.
Unloading 1747 Unused Serialized files (Serialized files now loaded: 0)
System memory in use before: 77.5 MB.
System memory in use after: 77.7 MB.

Unloading 16 unused Assets to reduce memory usage. Loaded Objects now: 2216.
Total: 2.585387 ms (FindLiveObjects: 0.174405 ms CreateObjectMapping: 0.057387 ms MarkObjects: 2.337877 ms  DeleteObjects: 0.014970 ms)

AssetImportParameters requested are different than current active one (requested -> active):
  custom:framework-win-MediaFoundation: 216162199b28c13a410421893ffa2e32 -> 
  custom:video-decoder-ogg-theora: a1e56fd34408186e4bbccfd4996cb3dc -> 
  custom:container-muxer-webm: aa71ff27fc2769a1b78a27578f13a17b -> 
  custom:container-demuxer-webm: 4f35f7cbe854078d1ac9338744f61a02 -> 
  custom:container-demuxer-ogg: 62fdf1f143b41e24485cea50d1cbac27 -> 
  custom:video-encoder-webm-vp8: eb34c28f22e8b96e1ab97ce403110664 -> 
  custom:video-decoder-webm-vp8: 9c59270c3fd7afecdb556c50c9e8de78 -> 
  custom:audio-decoder-ogg-vorbis: bf7c407c2cedff20999df2af8eb42d56 -> 
  custom:audio-encoder-webm-vorbis: bf7c407c2cedff20999df2af8eb42d56 -> 
========================================================================
Received Import Request.
  Time since last request: 1362.139700 seconds.
  path: Assets/Scenes/PlayableAPI
  artifactKey: Guid(81e2901c34b39a44fb74991498bd5dc7) Importer(815301076,1909f56bfc062723c751e8b465ee728b)
Start importing Assets/Scenes/PlayableAPI using Guid(81e2901c34b39a44fb74991498bd5dc7) Importer(815301076,1909f56bfc062723c751e8b465ee728b)  -> (artifact id: '6ad985f2f396c6e7140dd469967d68de') in 0.006060 seconds 
  Import took 0.008359 seconds .

========================================================================
Received Import Request.
  Time since last request: 20.491126 seconds.
  path: Assets/Scenes/Animancer
  artifactKey: Guid(aba63708c4adc8243b71fbe9964e50f0) Importer(815301076,1909f56bfc062723c751e8b465ee728b)
Start importing Assets/Scenes/Animancer using Guid(aba63708c4adc8243b71fbe9964e50f0) Importer(815301076,1909f56bfc062723c751e8b465ee728b)  -> (artifact id: 'c12c534efdf4dd8e00cd7d27abb081f8') in 0.004077 seconds 
  Import took 0.006645 seconds .

========================================================================
Received Import Request.
  Time since last request: 26.895097 seconds.
  path: Assets/Scenes/Animancer/QuickPlay.unity
  artifactKey: Guid(dbb79af2fe1dba344b5a1d27dcd0479f) Importer(815301076,1909f56bfc062723c751e8b465ee728b)
Start importing Assets/Scenes/Animancer/QuickPlay.unity using Guid(dbb79af2fe1dba344b5a1d27dcd0479f) Importer(815301076,1909f56bfc062723c751e8b465ee728b)  -> (artifact id: 'aaa0ed4be736367f23c560230eabfcbf') in 0.009145 seconds 
  Import took 0.011582 seconds .

========================================================================
Received Import Request.
  Time since last request: 127.567383 seconds.
  path: Assets/Scenes/Animancer/QuickPlay.unity
  artifactKey: Guid(dbb79af2fe1dba344b5a1d27dcd0479f) Importer(815301076,1909f56bfc062723c751e8b465ee728b)
Start importing Assets/Scenes/Animancer/QuickPlay.unity using Guid(dbb79af2fe1dba344b5a1d27dcd0479f) Importer(815301076,1909f56bfc062723c751e8b465ee728b)  -> (artifact id: '09fba1dc614544c37c81553ca4402c6f') in 0.003502 seconds 
  Import took 0.005997 seconds .

========================================================================
Received Import Request.
  Time since last request: 209.490634 seconds.
  path: Assets/Script/PlayableAPI
  artifactKey: Guid(f9da80593c0758a4384055c09b7e0984) Importer(815301076,1909f56bfc062723c751e8b465ee728b)
Start importing Assets/Script/PlayableAPI using Guid(f9da80593c0758a4384055c09b7e0984) Importer(815301076,1909f56bfc062723c751e8b465ee728b)  -> (artifact id: 'f5a048aab76d97d3146890533ea971a5') in 0.003378 seconds 
  Import took 0.005893 seconds .

========================================================================
Received Prepare
Registering precompiled user dll's ...
Registered in 0.001685 seconds.
Begin MonoManager ReloadAssembly
Native extension for WindowsStandalone target not found
Refreshing native plugins compatible for Editor in 0.63 ms, found 2 plugins.
Preloading 0 native plugins for Editor in 0.00 ms.
Mono: successfully reloaded assembly
- Completed reload, in  0.767 seconds
Domain Reload Profiling:
	ReloadAssembly (767ms)
		BeginReloadAssembly (72ms)
			ExecutionOrderSort (0ms)
			DisableScriptedObjects (4ms)
			BackupInstance (0ms)
			ReleaseScriptingObjects (0ms)
			CreateAndSetChildDomain (24ms)
		EndReloadAssembly (652ms)
			LoadAssemblies (56ms)
			RebuildTransferFunctionScriptingTraits (0ms)
			SetupTypeCache (243ms)
			ReleaseScriptCaches (1ms)
			RebuildScriptCaches (38ms)
			SetupLoadedEditorAssemblies (235ms)
				LogAssemblyErrors (0ms)
				InitializePlatformSupportModulesInManaged (4ms)
				SetLoadedEditorAssemblies (0ms)
				RefreshPlugins (1ms)
				BeforeProcessingInitializeOnLoad (59ms)
				ProcessInitializeOnLoadAttributes (161ms)
				ProcessInitializeOnLoadMethodAttributes (9ms)
				AfterProcessingInitializeOnLoad (1ms)
				EditorAssembliesLoaded (0ms)
			ExecutionOrderSort2 (0ms)
			AwakeInstancesAfterBackupRestoration (5ms)
Platform modules already initialized, skipping
Refreshing native plugins compatible for Editor in 0.36 ms, found 2 plugins.
Preloading 0 native plugins for Editor in 0.00 ms.
Unloading 1747 Unused Serialized files (Serialized files now loaded: 0)
System memory in use before: 77.6 MB.
System memory in use after: 77.7 MB.

Unloading 16 unused Assets to reduce memory usage. Loaded Objects now: 2218.
Total: 2.866332 ms (FindLiveObjects: 0.152449 ms CreateObjectMapping: 0.055640 ms MarkObjects: 2.642774 ms  DeleteObjects: 0.014721 ms)

AssetImportParameters requested are different than current active one (requested -> active):
  custom:framework-win-MediaFoundation: 216162199b28c13a410421893ffa2e32 -> 
  custom:video-decoder-ogg-theora: a1e56fd34408186e4bbccfd4996cb3dc -> 
  custom:container-muxer-webm: aa71ff27fc2769a1b78a27578f13a17b -> 
  custom:container-demuxer-webm: 4f35f7cbe854078d1ac9338744f61a02 -> 
  custom:container-demuxer-ogg: 62fdf1f143b41e24485cea50d1cbac27 -> 
  custom:video-encoder-webm-vp8: eb34c28f22e8b96e1ab97ce403110664 -> 
  custom:video-decoder-webm-vp8: 9c59270c3fd7afecdb556c50c9e8de78 -> 
  custom:audio-decoder-ogg-vorbis: bf7c407c2cedff20999df2af8eb42d56 -> 
  custom:audio-encoder-webm-vorbis: bf7c407c2cedff20999df2af8eb42d56 -> 
========================================================================
Received Import Request.
  Time since last request: 12.675473 seconds.
  path: Assets/Script/MultiplePlayableOutput.cs
  artifactKey: Guid(1424a7dcd4c10e84891f91852df84413) Importer(815301076,1909f56bfc062723c751e8b465ee728b)
Start importing Assets/Script/MultiplePlayableOutput.cs using Guid(1424a7dcd4c10e84891f91852df84413) Importer(815301076,1909f56bfc062723c751e8b465ee728b)  -> (artifact id: '63ac6744ae0ce5197a4a840f0833df6c') in 0.019691 seconds 
  Import took 0.022412 seconds .

========================================================================
Received Prepare
Registering precompiled user dll's ...
Registered in 0.001833 seconds.
Begin MonoManager ReloadAssembly
Native extension for WindowsStandalone target not found
Refreshing native plugins compatible for Editor in 0.36 ms, found 2 plugins.
Preloading 0 native plugins for Editor in 0.00 ms.
Mono: successfully reloaded assembly
- Completed reload, in  0.724 seconds
Domain Reload Profiling:
	ReloadAssembly (725ms)
		BeginReloadAssembly (71ms)
			ExecutionOrderSort (0ms)
			DisableScriptedObjects (4ms)
			BackupInstance (0ms)
			ReleaseScriptingObjects (0ms)
			CreateAndSetChildDomain (24ms)
		EndReloadAssembly (612ms)
			LoadAssemblies (57ms)
			RebuildTransferFunctionScriptingTraits (0ms)
			SetupTypeCache (220ms)
			ReleaseScriptCaches (1ms)
			RebuildScriptCaches (36ms)
			SetupLoadedEditorAssemblies (221ms)
				LogAssemblyErrors (0ms)
				InitializePlatformSupportModulesInManaged (4ms)
				SetLoadedEditorAssemblies (0ms)
				RefreshPlugins (0ms)
				BeforeProcessingInitializeOnLoad (54ms)
				ProcessInitializeOnLoadAttributes (152ms)
				ProcessInitializeOnLoadMethodAttributes (8ms)
				AfterProcessingInitializeOnLoad (1ms)
				EditorAssembliesLoaded (0ms)
			ExecutionOrderSort2 (0ms)
			AwakeInstancesAfterBackupRestoration (5ms)
Platform modules already initialized, skipping
Refreshing native plugins compatible for Editor in 0.37 ms, found 2 plugins.
Preloading 0 native plugins for Editor in 0.00 ms.
Unloading 1747 Unused Serialized files (Serialized files now loaded: 0)
System memory in use before: 77.6 MB.
System memory in use after: 77.7 MB.

Unloading 16 unused Assets to reduce memory usage. Loaded Objects now: 2220.
Total: 2.404994 ms (FindLiveObjects: 0.146959 ms CreateObjectMapping: 0.054392 ms MarkObjects: 2.189919 ms  DeleteObjects: 0.012725 ms)

AssetImportParameters requested are different than current active one (requested -> active):
  custom:framework-win-MediaFoundation: 216162199b28c13a410421893ffa2e32 -> 
  custom:video-decoder-ogg-theora: a1e56fd34408186e4bbccfd4996cb3dc -> 
  custom:container-muxer-webm: aa71ff27fc2769a1b78a27578f13a17b -> 
  custom:container-demuxer-webm: 4f35f7cbe854078d1ac9338744f61a02 -> 
  custom:container-demuxer-ogg: 62fdf1f143b41e24485cea50d1cbac27 -> 
  custom:video-encoder-webm-vp8: eb34c28f22e8b96e1ab97ce403110664 -> 
  custom:video-decoder-webm-vp8: 9c59270c3fd7afecdb556c50c9e8de78 -> 
  custom:audio-decoder-ogg-vorbis: bf7c407c2cedff20999df2af8eb42d56 -> 
  custom:audio-encoder-webm-vorbis: bf7c407c2cedff20999df2af8eb42d56 -> 
========================================================================
Received Import Request.
  Time since last request: 8.434063 seconds.
  path: Assets/Script/PlayableQueue.cs
  artifactKey: Guid(fd2f8e820e9cfca46a648bf2664f1e86) Importer(815301076,1909f56bfc062723c751e8b465ee728b)
Start importing Assets/Script/PlayableQueue.cs using Guid(fd2f8e820e9cfca46a648bf2664f1e86) Importer(815301076,1909f56bfc062723c751e8b465ee728b)  -> (artifact id: 'd44d07870785e0c551e4719ed1e205c3') in 0.018254 seconds 
  Import took 0.020434 seconds .

========================================================================
Received Prepare
Registering precompiled user dll's ...
Registered in 0.001669 seconds.
Begin MonoManager ReloadAssembly
Native extension for WindowsStandalone target not found
Refreshing native plugins compatible for Editor in 0.37 ms, found 2 plugins.
Preloading 0 native plugins for Editor in 0.00 ms.
Mono: successfully reloaded assembly
- Completed reload, in  0.728 seconds
Domain Reload Profiling:
	ReloadAssembly (728ms)
		BeginReloadAssembly (71ms)
			ExecutionOrderSort (0ms)
			DisableScriptedObjects (4ms)
			BackupInstance (0ms)
			ReleaseScriptingObjects (0ms)
			CreateAndSetChildDomain (24ms)
		EndReloadAssembly (616ms)
			LoadAssemblies (56ms)
			RebuildTransferFunctionScriptingTraits (0ms)
			SetupTypeCache (215ms)
			ReleaseScriptCaches (1ms)
			RebuildScriptCaches (36ms)
			SetupLoadedEditorAssemblies (231ms)
				LogAssemblyErrors (0ms)
				InitializePlatformSupportModulesInManaged (4ms)
				SetLoadedEditorAssemblies (0ms)
				RefreshPlugins (0ms)
				BeforeProcessingInitializeOnLoad (54ms)
				ProcessInitializeOnLoadAttributes (161ms)
				ProcessInitializeOnLoadMethodAttributes (9ms)
				AfterProcessingInitializeOnLoad (1ms)
				EditorAssembliesLoaded (0ms)
			ExecutionOrderSort2 (0ms)
			AwakeInstancesAfterBackupRestoration (5ms)
Platform modules already initialized, skipping
Refreshing native plugins compatible for Editor in 0.35 ms, found 2 plugins.
Preloading 0 native plugins for Editor in 0.00 ms.
Unloading 1747 Unused Serialized files (Serialized files now loaded: 0)
System memory in use before: 77.6 MB.
System memory in use after: 77.7 MB.

Unloading 16 unused Assets to reduce memory usage. Loaded Objects now: 2222.
Total: 2.302447 ms (FindLiveObjects: 0.151451 ms CreateObjectMapping: 0.056888 ms MarkObjects: 2.081384 ms  DeleteObjects: 0.011976 ms)

AssetImportParameters requested are different than current active one (requested -> active):
  custom:framework-win-MediaFoundation: 216162199b28c13a410421893ffa2e32 -> 
  custom:video-decoder-ogg-theora: a1e56fd34408186e4bbccfd4996cb3dc -> 
  custom:container-muxer-webm: aa71ff27fc2769a1b78a27578f13a17b -> 
  custom:container-demuxer-webm: 4f35f7cbe854078d1ac9338744f61a02 -> 
  custom:container-demuxer-ogg: 62fdf1f143b41e24485cea50d1cbac27 -> 
  custom:video-encoder-webm-vp8: eb34c28f22e8b96e1ab97ce403110664 -> 
  custom:video-decoder-webm-vp8: 9c59270c3fd7afecdb556c50c9e8de78 -> 
  custom:audio-decoder-ogg-vorbis: bf7c407c2cedff20999df2af8eb42d56 -> 
  custom:audio-encoder-webm-vorbis: bf7c407c2cedff20999df2af8eb42d56 -> 
========================================================================
Received Prepare
Registering precompiled user dll's ...
Registered in 0.001725 seconds.
Begin MonoManager ReloadAssembly
Native extension for WindowsStandalone target not found
Refreshing native plugins compatible for Editor in 0.35 ms, found 2 plugins.
Preloading 0 native plugins for Editor in 0.00 ms.
Mono: successfully reloaded assembly
- Completed reload, in  0.720 seconds
Domain Reload Profiling:
	ReloadAssembly (720ms)
		BeginReloadAssembly (71ms)
			ExecutionOrderSort (0ms)
			DisableScriptedObjects (4ms)
			BackupInstance (0ms)
			ReleaseScriptingObjects (0ms)
			CreateAndSetChildDomain (24ms)
		EndReloadAssembly (608ms)
			LoadAssemblies (56ms)
			RebuildTransferFunctionScriptingTraits (0ms)
			SetupTypeCache (215ms)
			ReleaseScriptCaches (1ms)
			RebuildScriptCaches (35ms)
			SetupLoadedEditorAssemblies (224ms)
				LogAssemblyErrors (0ms)
				InitializePlatformSupportModulesInManaged (4ms)
				SetLoadedEditorAssemblies (0ms)
				RefreshPlugins (0ms)
				BeforeProcessingInitializeOnLoad (55ms)
				ProcessInitializeOnLoadAttributes (155ms)
				ProcessInitializeOnLoadMethodAttributes (8ms)
				AfterProcessingInitializeOnLoad (1ms)
				EditorAssembliesLoaded (0ms)
			ExecutionOrderSort2 (0ms)
			AwakeInstancesAfterBackupRestoration (5ms)
Platform modules already initialized, skipping
Refreshing native plugins compatible for Editor in 0.40 ms, found 2 plugins.
Preloading 0 native plugins for Editor in 0.00 ms.
Unloading 1747 Unused Serialized files (Serialized files now loaded: 0)
System memory in use before: 77.6 MB.
System memory in use after: 77.7 MB.

Unloading 16 unused Assets to reduce memory usage. Loaded Objects now: 2224.
Total: 2.406491 ms (FindLiveObjects: 0.154445 ms CreateObjectMapping: 0.054891 ms MarkObjects: 2.183682 ms  DeleteObjects: 0.012475 ms)

AssetImportParameters requested are different than current active one (requested -> active):
  custom:framework-win-MediaFoundation: 216162199b28c13a410421893ffa2e32 -> 
  custom:video-decoder-ogg-theora: a1e56fd34408186e4bbccfd4996cb3dc -> 
  custom:container-muxer-webm: aa71ff27fc2769a1b78a27578f13a17b -> 
  custom:container-demuxer-webm: 4f35f7cbe854078d1ac9338744f61a02 -> 
  custom:container-demuxer-ogg: 62fdf1f143b41e24485cea50d1cbac27 -> 
  custom:video-encoder-webm-vp8: eb34c28f22e8b96e1ab97ce403110664 -> 
  custom:video-decoder-webm-vp8: 9c59270c3fd7afecdb556c50c9e8de78 -> 
  custom:audio-decoder-ogg-vorbis: bf7c407c2cedff20999df2af8eb42d56 -> 
  custom:audio-encoder-webm-vorbis: bf7c407c2cedff20999df2af8eb42d56 -> 
========================================================================
Received Import Request.
  Time since last request: 8.305180 seconds.
  path: Assets/Script/UsePlayableQueueSample.cs
  artifactKey: Guid(6cbd2dd0ebc927345948840c2777276c) Importer(815301076,1909f56bfc062723c751e8b465ee728b)
Start importing Assets/Script/UsePlayableQueueSample.cs using Guid(6cbd2dd0ebc927345948840c2777276c) Importer(815301076,1909f56bfc062723c751e8b465ee728b)  -> (artifact id: '07935652bd428511b46b817cb3878cae') in 0.025071 seconds 
  Import took 0.027847 seconds .

========================================================================
Received Prepare
Registering precompiled user dll's ...
Registered in 0.001829 seconds.
Begin MonoManager ReloadAssembly
Native extension for WindowsStandalone target not found
Refreshing native plugins compatible for Editor in 0.36 ms, found 2 plugins.
Preloading 0 native plugins for Editor in 0.00 ms.
Mono: successfully reloaded assembly
- Completed reload, in  0.724 seconds
Domain Reload Profiling:
	ReloadAssembly (724ms)
		BeginReloadAssembly (72ms)
			ExecutionOrderSort (0ms)
			DisableScriptedObjects (4ms)
			BackupInstance (0ms)
			ReleaseScriptingObjects (0ms)
			CreateAndSetChildDomain (24ms)
		EndReloadAssembly (611ms)
			LoadAssemblies (57ms)
			RebuildTransferFunctionScriptingTraits (0ms)
			SetupTypeCache (218ms)
			ReleaseScriptCaches (1ms)
			RebuildScriptCaches (36ms)
			SetupLoadedEditorAssemblies (224ms)
				LogAssemblyErrors (0ms)
				InitializePlatformSupportModulesInManaged (4ms)
				SetLoadedEditorAssemblies (0ms)
				RefreshPlugins (0ms)
				BeforeProcessingInitializeOnLoad (56ms)
				ProcessInitializeOnLoadAttributes (154ms)
				ProcessInitializeOnLoadMethodAttributes (8ms)
				AfterProcessingInitializeOnLoad (1ms)
				EditorAssembliesLoaded (0ms)
			ExecutionOrderSort2 (0ms)
			AwakeInstancesAfterBackupRestoration (5ms)
Platform modules already initialized, skipping
Refreshing native plugins compatible for Editor in 0.35 ms, found 2 plugins.
Preloading 0 native plugins for Editor in 0.00 ms.
Unloading 1747 Unused Serialized files (Serialized files now loaded: 0)
System memory in use before: 77.6 MB.
System memory in use after: 77.7 MB.

Unloading 16 unused Assets to reduce memory usage. Loaded Objects now: 2226.
Total: 2.306190 ms (FindLiveObjects: 0.154195 ms CreateObjectMapping: 0.062377 ms MarkObjects: 2.076394 ms  DeleteObjects: 0.012475 ms)

AssetImportParameters requested are different than current active one (requested -> active):
  custom:framework-win-MediaFoundation: 216162199b28c13a410421893ffa2e32 -> 
  custom:video-decoder-ogg-theora: a1e56fd34408186e4bbccfd4996cb3dc -> 
  custom:container-muxer-webm: aa71ff27fc2769a1b78a27578f13a17b -> 
  custom:container-demuxer-webm: 4f35f7cbe854078d1ac9338744f61a02 -> 
  custom:container-demuxer-ogg: 62fdf1f143b41e24485cea50d1cbac27 -> 
  custom:video-encoder-webm-vp8: eb34c28f22e8b96e1ab97ce403110664 -> 
  custom:video-decoder-webm-vp8: 9c59270c3fd7afecdb556c50c9e8de78 -> 
  custom:audio-decoder-ogg-vorbis: bf7c407c2cedff20999df2af8eb42d56 -> 
  custom:audio-encoder-webm-vorbis: bf7c407c2cedff20999df2af8eb42d56 -> 
========================================================================
Received Import Request.
  Time since last request: 4.883092 seconds.
  path: Assets/Plugins/Animancer
  artifactKey: Guid(10dcb5f2544e969429bba33fa8fc7a42) Importer(815301076,1909f56bfc062723c751e8b465ee728b)
Start importing Assets/Plugins/Animancer using Guid(10dcb5f2544e969429bba33fa8fc7a42) Importer(815301076,1909f56bfc062723c751e8b465ee728b)  -> (artifact id: 'a03a95d9cee79ed6db7445b26d0faf3e') in 0.005228 seconds 
  Import took 0.007763 seconds .

========================================================================
Received Import Request.
  Time since last request: 9.578211 seconds.
  path: Assets/Script/Animancer
  artifactKey: Guid(301192ed02c0f474a90264d5f90de70d) Importer(815301076,1909f56bfc062723c751e8b465ee728b)
Start importing Assets/Script/Animancer using Guid(301192ed02c0f474a90264d5f90de70d) Importer(815301076,1909f56bfc062723c751e8b465ee728b)  -> (artifact id: '825e1781a5fa16c157ce002e74fedc72') in 0.002342 seconds 
  Import took 0.004627 seconds .

========================================================================
Received Import Request.
  Time since last request: 48.327251 seconds.
  path: Assets/Script/Animancer/BasicPlayAnimation.cs
  artifactKey: Guid(900278292ef413342ac95e9a66014e04) Importer(815301076,1909f56bfc062723c751e8b465ee728b)
Start importing Assets/Script/Animancer/BasicPlayAnimation.cs using Guid(900278292ef413342ac95e9a66014e04) Importer(815301076,1909f56bfc062723c751e8b465ee728b)  -> (artifact id: '9c986cfc434cc739591c288fbd95ceb4') in 0.002940 seconds 
  Import took 0.005710 seconds .

========================================================================
Received Prepare
Registering precompiled user dll's ...
Registered in 0.001754 seconds.
Begin MonoManager ReloadAssembly
Native extension for WindowsStandalone target not found
Refreshing native plugins compatible for Editor in 0.35 ms, found 2 plugins.
Preloading 0 native plugins for Editor in 0.00 ms.
Mono: successfully reloaded assembly
- Completed reload, in  0.725 seconds
Domain Reload Profiling:
	ReloadAssembly (725ms)
		BeginReloadAssembly (73ms)
			ExecutionOrderSort (0ms)
			DisableScriptedObjects (4ms)
			BackupInstance (0ms)
			ReleaseScriptingObjects (0ms)
			CreateAndSetChildDomain (25ms)
		EndReloadAssembly (611ms)
			LoadAssemblies (58ms)
			RebuildTransferFunctionScriptingTraits (0ms)
			SetupTypeCache (214ms)
			ReleaseScriptCaches (1ms)
			RebuildScriptCaches (35ms)
			SetupLoadedEditorAssemblies (223ms)
				LogAssemblyErrors (0ms)
				InitializePlatformSupportModulesInManaged (4ms)
				SetLoadedEditorAssemblies (0ms)
				RefreshPlugins (0ms)
				BeforeProcessingInitializeOnLoad (54ms)
				ProcessInitializeOnLoadAttributes (154ms)
				ProcessInitializeOnLoadMethodAttributes (8ms)
				AfterProcessingInitializeOnLoad (1ms)
				EditorAssembliesLoaded (0ms)
			ExecutionOrderSort2 (0ms)
			AwakeInstancesAfterBackupRestoration (5ms)
Platform modules already initialized, skipping
Refreshing native plugins compatible for Editor in 0.35 ms, found 2 plugins.
Preloading 0 native plugins for Editor in 0.00 ms.
Unloading 1748 Unused Serialized files (Serialized files now loaded: 0)
System memory in use before: 77.6 MB.
System memory in use after: 77.7 MB.

Unloading 16 unused Assets to reduce memory usage. Loaded Objects now: 2229.
Total: 2.277995 ms (FindLiveObjects: 0.155193 ms CreateObjectMapping: 0.055390 ms MarkObjects: 2.054188 ms  DeleteObjects: 0.012226 ms)

AssetImportParameters requested are different than current active one (requested -> active):
  custom:framework-win-MediaFoundation: 216162199b28c13a410421893ffa2e32 -> 
  custom:video-decoder-ogg-theora: a1e56fd34408186e4bbccfd4996cb3dc -> 
  custom:container-muxer-webm: aa71ff27fc2769a1b78a27578f13a17b -> 
  custom:container-demuxer-webm: 4f35f7cbe854078d1ac9338744f61a02 -> 
  custom:container-demuxer-ogg: 62fdf1f143b41e24485cea50d1cbac27 -> 
  custom:video-encoder-webm-vp8: eb34c28f22e8b96e1ab97ce403110664 -> 
  custom:video-decoder-webm-vp8: 9c59270c3fd7afecdb556c50c9e8de78 -> 
  custom:audio-decoder-ogg-vorbis: bf7c407c2cedff20999df2af8eb42d56 -> 
  custom:audio-encoder-webm-vorbis: bf7c407c2cedff20999df2af8eb42d56 -> 
========================================================================
Received Prepare
Registering precompiled user dll's ...
Registered in 0.001874 seconds.
Begin MonoManager ReloadAssembly
Native extension for WindowsStandalone target not found
Refreshing native plugins compatible for Editor in 0.35 ms, found 2 plugins.
Preloading 0 native plugins for Editor in 0.00 ms.
Mono: successfully reloaded assembly
- Completed reload, in  0.720 seconds
Domain Reload Profiling:
	ReloadAssembly (720ms)
		BeginReloadAssembly (69ms)
			ExecutionOrderSort (0ms)
			DisableScriptedObjects (4ms)
			BackupInstance (0ms)
			ReleaseScriptingObjects (0ms)
			CreateAndSetChildDomain (23ms)
		EndReloadAssembly (610ms)
			LoadAssemblies (56ms)
			RebuildTransferFunctionScriptingTraits (0ms)
			SetupTypeCache (217ms)
			ReleaseScriptCaches (1ms)
			RebuildScriptCaches (35ms)
			SetupLoadedEditorAssemblies (225ms)
				LogAssemblyErrors (0ms)
				InitializePlatformSupportModulesInManaged (4ms)
				SetLoadedEditorAssemblies (0ms)
				RefreshPlugins (0ms)
				BeforeProcessingInitializeOnLoad (55ms)
				ProcessInitializeOnLoadAttributes (156ms)
				ProcessInitializeOnLoadMethodAttributes (8ms)
				AfterProcessingInitializeOnLoad (1ms)
				EditorAssembliesLoaded (0ms)
			ExecutionOrderSort2 (0ms)
			AwakeInstancesAfterBackupRestoration (5ms)
Platform modules already initialized, skipping
Refreshing native plugins compatible for Editor in 0.56 ms, found 2 plugins.
Preloading 0 native plugins for Editor in 0.00 ms.
Unloading 1747 Unused Serialized files (Serialized files now loaded: 0)
System memory in use before: 77.6 MB.
System memory in use after: 77.7 MB.

Unloading 17 unused Assets to reduce memory usage. Loaded Objects now: 2230.
Total: 2.507541 ms (FindLiveObjects: 0.180892 ms CreateObjectMapping: 0.064872 ms MarkObjects: 2.241567 ms  DeleteObjects: 0.019212 ms)

AssetImportParameters requested are different than current active one (requested -> active):
  custom:framework-win-MediaFoundation: 216162199b28c13a410421893ffa2e32 -> 
  custom:video-decoder-ogg-theora: a1e56fd34408186e4bbccfd4996cb3dc -> 
  custom:container-muxer-webm: aa71ff27fc2769a1b78a27578f13a17b -> 
  custom:container-demuxer-webm: 4f35f7cbe854078d1ac9338744f61a02 -> 
  custom:container-demuxer-ogg: 62fdf1f143b41e24485cea50d1cbac27 -> 
  custom:video-encoder-webm-vp8: eb34c28f22e8b96e1ab97ce403110664 -> 
  custom:video-decoder-webm-vp8: 9c59270c3fd7afecdb556c50c9e8de78 -> 
  custom:audio-decoder-ogg-vorbis: bf7c407c2cedff20999df2af8eb42d56 -> 
  custom:audio-encoder-webm-vorbis: bf7c407c2cedff20999df2af8eb42d56 -> 
========================================================================
Received Import Request.
  Time since last request: 468.953754 seconds.
  path: Assets/TextMesh Pro/Resources/Style Sheets/Default Style Sheet.asset
  artifactKey: Guid(f952c082cb03451daed3ee968ac6c63e) Importer(815301076,1909f56bfc062723c751e8b465ee728b)
Start importing Assets/TextMesh Pro/Resources/Style Sheets/Default Style Sheet.asset using Guid(f952c082cb03451daed3ee968ac6c63e) Importer(815301076,1909f56bfc062723c751e8b465ee728b)  -> (artifact id: '99846f5a5cef2b9fb3476a6a84d35918') in 0.029157 seconds 
  Import took 0.031649 seconds .

========================================================================
Received Import Request.
  Time since last request: 0.000106 seconds.
  path: Assets/Plugins/Animancer/Examples/Art/Default Humanoid/DefaultHumanoid-FaceNormal.png
  artifactKey: Guid(dda85b69eabdbe7469c73d8bc0f19fff) Importer(815301076,1909f56bfc062723c751e8b465ee728b)
Start importing Assets/Plugins/Animancer/Examples/Art/Default Humanoid/DefaultHumanoid-FaceNormal.png using Guid(dda85b69eabdbe7469c73d8bc0f19fff) Importer(815301076,1909f56bfc062723c751e8b465ee728b)  -> (artifact id: '652f908ce5966db1596542e89f1c3ba3') in 0.248588 seconds 
  Import took 0.250813 seconds .

========================================================================
Received Import Request.
  Time since last request: 0.000114 seconds.
  path: Assets/Plugins/Animancer/Examples/Art/Default Humanoid/DefaultHumanoid-BodyNormal.png
  artifactKey: Guid(583b3c32223de1849a89033a113775d8) Importer(815301076,1909f56bfc062723c751e8b465ee728b)
Start importing Assets/Plugins/Animancer/Examples/Art/Default Humanoid/DefaultHumanoid-BodyNormal.png using Guid(583b3c32223de1849a89033a113775d8) Importer(815301076,1909f56bfc062723c751e8b465ee728b)  -> (artifact id: '2ffec13dd5fb49de0f3c0916f6bc9bee') in 0.066977 seconds 
  Import took 0.069253 seconds .

========================================================================
Received Import Request.
  Time since last request: 0.000142 seconds.
  path: Assets/Plugins/Animancer/Examples/Art/Default Humanoid/DefaultHumanoid.fbx
  artifactKey: Guid(c9f3e1113795a054c939de9883b31fed) Importer(815301076,1909f56bfc062723c751e8b465ee728b)
Start importing Assets/Plugins/Animancer/Examples/Art/Default Humanoid/DefaultHumanoid.fbx using Guid(c9f3e1113795a054c939de9883b31fed) Importer(815301076,1909f56bfc062723c751e8b465ee728b)  -> (artifact id: 'ef2a90882c0c424f07ca637eed9dad50') in 0.514486 seconds 
  Import took 0.517265 seconds .

========================================================================
Received Import Request.
  Time since last request: 0.000179 seconds.
  path: Assets/Plugins/Animancer/Examples/Art/Default Humanoid/DefaultHumanoid-FaceColor.png
  artifactKey: Guid(ee5202ef93e0d5d4c8e06444c545675c) Importer(815301076,1909f56bfc062723c751e8b465ee728b)
Start importing Assets/Plugins/Animancer/Examples/Art/Default Humanoid/DefaultHumanoid-FaceColor.png using Guid(ee5202ef93e0d5d4c8e06444c545675c) Importer(815301076,1909f56bfc062723c751e8b465ee728b)  -> (artifact id: 'fe1824426ff26505d37c6bcdaf0ffa94') in 0.008610 seconds 
  Import took 0.010999 seconds .

========================================================================
Received Import Request.
  Time since last request: 0.000114 seconds.
  path: Assets/Plugins/Animancer/Examples/Art/Default Humanoid/DefaultHumanoid-EyesColor.png
  artifactKey: Guid(b9641c867820d9c41bffd9402ddbb8a4) Importer(815301076,1909f56bfc062723c751e8b465ee728b)
Start importing Assets/Plugins/Animancer/Examples/Art/Default Humanoid/DefaultHumanoid-EyesColor.png using Guid(b9641c867820d9c41bffd9402ddbb8a4) Importer(815301076,1909f56bfc062723c751e8b465ee728b)  -> (artifact id: '576322f8ca2d932a5d218258d715c501') in 0.007016 seconds 
  Import took 0.009565 seconds .

========================================================================
Received Import Request.
  Time since last request: 0.000151 seconds.
  path: Assets/Plugins/Animancer/Examples/Art/Default Humanoid/DefaultHumanoid-BodyColor.png
  artifactKey: Guid(056998860d4e30641bc8499c26b15996) Importer(815301076,1909f56bfc062723c751e8b465ee728b)
Start importing Assets/Plugins/Animancer/Examples/Art/Default Humanoid/DefaultHumanoid-BodyColor.png using Guid(056998860d4e30641bc8499c26b15996) Importer(815301076,1909f56bfc062723c751e8b465ee728b)  -> (artifact id: '34e408803655ab3b9952f6f09a42a41c') in 0.007837 seconds 
  Import took 0.010407 seconds .

========================================================================
Received Import Request.
  Time since last request: 2898.858074 seconds.
  path: Assets/Plugins/Animancer/Examples
  artifactKey: Guid(833bcac93994ed2459b0b7f61940e220) Importer(815301076,1909f56bfc062723c751e8b465ee728b)
Start importing Assets/Plugins/Animancer/Examples using Guid(833bcac93994ed2459b0b7f61940e220) Importer(815301076,1909f56bfc062723c751e8b465ee728b)  -> (artifact id: '749c1657cb74a44cc53ce7decec1c02c') in 0.001735 seconds 
  Import took 0.003975 seconds .

========================================================================
Received Import Request.
  Time since last request: 37.754056 seconds.
  path: Assets/Plugins/Animancer/Examples/04 Directional Sprites/01 Basic Movement/Critters/Bunny-Idle.asset
  artifactKey: Guid(7c9daa995c8082c4a986dc5f6a6ecb48) Importer(815301076,1909f56bfc062723c751e8b465ee728b)
Start importing Assets/Plugins/Animancer/Examples/04 Directional Sprites/01 Basic Movement/Critters/Bunny-Idle.asset using Guid(7c9daa995c8082c4a986dc5f6a6ecb48) Importer(815301076,1909f56bfc062723c751e8b465ee728b)  -> (artifact id: '3b29bdf92fa53252dba22a9035d9778f') in 0.078409 seconds 
  Import took 0.080787 seconds .

========================================================================
Received Import Request.
  Time since last request: 0.000114 seconds.
  path: Assets/Plugins/Animancer/Examples/04 Directional Sprites/01 Basic Movement/Critters/Critters.png
  artifactKey: Guid(5b54aaa7498024e438d906b1a29048ee) Importer(815301076,1909f56bfc062723c751e8b465ee728b)
Start importing Assets/Plugins/Animancer/Examples/04 Directional Sprites/01 Basic Movement/Critters/Critters.png using Guid(5b54aaa7498024e438d906b1a29048ee) Importer(815301076,1909f56bfc062723c751e8b465ee728b)  -> (artifact id: 'e41f5a39005ba5b2a1f28416b1df123c') in 0.174322 seconds 
  Import took 0.176692 seconds .

========================================================================
Received Import Request.
  Time since last request: 0.000123 seconds.
  path: Assets/Plugins/Animancer/Examples/04 Directional Sprites/01 Basic Movement/Critters/Bunny-Walk.asset
  artifactKey: Guid(cf0284eff9a168e4bacc153a8315ec3e) Importer(815301076,1909f56bfc062723c751e8b465ee728b)
Start importing Assets/Plugins/Animancer/Examples/04 Directional Sprites/01 Basic Movement/Critters/Bunny-Walk.asset using Guid(cf0284eff9a168e4bacc153a8315ec3e) Importer(815301076,1909f56bfc062723c751e8b465ee728b)  -> (artifact id: 'caaab4c780d6df665ffa61586a97f630') in 0.020310 seconds 
  Import took 0.022585 seconds .

========================================================================
Received Import Request.
  Time since last request: 0.000156 seconds.
  path: Assets/Plugins/Animancer/Examples/04 Directional Sprites/01 Basic Movement/Critters/Chick-Idle.asset
  artifactKey: Guid(1ed5723daec302249a0335285936c92c) Importer(815301076,1909f56bfc062723c751e8b465ee728b)
Start importing Assets/Plugins/Animancer/Examples/04 Directional Sprites/01 Basic Movement/Critters/Chick-Idle.asset using Guid(1ed5723daec302249a0335285936c92c) Importer(815301076,1909f56bfc062723c751e8b465ee728b)  -> (artifact id: '18ab6be76cc04e0263d70435ec91048a') in 0.020443 seconds 
  Import took 0.022853 seconds .

========================================================================
Received Import Request.
  Time since last request: 0.000128 seconds.
  path: Assets/Audio/ComputerSFX_short-003.wav
  artifactKey: Guid(455c5cbae8eecfb40a9c03cd832efd32) Importer(815301076,1909f56bfc062723c751e8b465ee728b)
Start importing Assets/Audio/ComputerSFX_short-003.wav using Guid(455c5cbae8eecfb40a9c03cd832efd32) Importer(815301076,1909f56bfc062723c751e8b465ee728b)  -> (artifact id: 'c3add233b8a272f7ba2224450760a42b') in 0.217034 seconds 
  Import took 0.219314 seconds .

========================================================================
Received Import Request.
  Time since last request: 0.000105 seconds.
  path: Assets/Plugins/Animancer/Examples/04 Directional Sprites/02 Character Controller/Medical Examiner/MedicalExaminer-Push.asset
  artifactKey: Guid(069737427246caa42909f411d20fe8d5) Importer(815301076,1909f56bfc062723c751e8b465ee728b)
Start importing Assets/Plugins/Animancer/Examples/04 Directional Sprites/02 Character Controller/Medical Examiner/MedicalExaminer-Push.asset using Guid(069737427246caa42909f411d20fe8d5) Importer(815301076,1909f56bfc062723c751e8b465ee728b)  -> (artifact id: 'f3bb537a91a4d8f6c605a2df25d0a8b9') in 0.022348 seconds 
  Import took 0.024590 seconds .

========================================================================
Received Import Request.
  Time since last request: 0.000127 seconds.
  path: Assets/Plugins/Animancer/Examples/04 Directional Sprites/01 Basic Movement/Critters/Chick-Walk.asset
  artifactKey: Guid(d1587806fefca074fbf78caff1841633) Importer(815301076,1909f56bfc062723c751e8b465ee728b)
Start importing Assets/Plugins/Animancer/Examples/04 Directional Sprites/01 Basic Movement/Critters/Chick-Walk.asset using Guid(d1587806fefca074fbf78caff1841633) Importer(815301076,1909f56bfc062723c751e8b465ee728b)  -> (artifact id: '76a1fdd6f673afea5a826251f9b719a0') in 0.023834 seconds 
  Import took 0.026160 seconds .

========================================================================
Received Import Request.
  Time since last request: 0.000127 seconds.
  path: Assets/Plugins/Animancer/Examples/04 Directional Sprites/02 Character Controller/Pirate/Pirate-Push.asset
  artifactKey: Guid(4bdf41a12ad2e664f84fc1c4d09e6c7f) Importer(815301076,1909f56bfc062723c751e8b465ee728b)
Start importing Assets/Plugins/Animancer/Examples/04 Directional Sprites/02 Character Controller/Pirate/Pirate-Push.asset using Guid(4bdf41a12ad2e664f84fc1c4d09e6c7f) Importer(815301076,1909f56bfc062723c751e8b465ee728b)  -> (artifact id: '301aa22937612cd91154312aea3bf3e3') in 0.042135 seconds 
  Import took 0.044769 seconds .

========================================================================
Received Import Request.
  Time since last request: 0.000106 seconds.
  path: Assets/Audio/ComputerSFX_short-001.wav
  artifactKey: Guid(39667b9eefb481e4681e7c9ec99261ae) Importer(815301076,1909f56bfc062723c751e8b465ee728b)
Start importing Assets/Audio/ComputerSFX_short-001.wav using Guid(39667b9eefb481e4681e7c9ec99261ae) Importer(815301076,1909f56bfc062723c751e8b465ee728b)  -> (artifact id: '644813bbc3d5c1f978888ae4c3b8d438') in 0.022326 seconds 
  Import took 0.024536 seconds .

========================================================================
Received Import Request.
  Time since last request: 20.099627 seconds.
  path: Assets/Script/Animancer/State
  artifactKey: Guid(72a7d8c4e4dc17c469b8667309ba19d6) Importer(815301076,1909f56bfc062723c751e8b465ee728b)
Start importing Assets/Script/Animancer/State using Guid(72a7d8c4e4dc17c469b8667309ba19d6) Importer(815301076,1909f56bfc062723c751e8b465ee728b)  -> (artifact id: '635389511254c25dfbfcd4b838f0e298') in 0.002001 seconds 
  Import took 0.004606 seconds .

========================================================================
Received Import Request.
  Time since last request: 16.158581 seconds.
  path: Assets/Script/Animancer/StateMachines
  artifactKey: Guid(72a7d8c4e4dc17c469b8667309ba19d6) Importer(815301076,1909f56bfc062723c751e8b465ee728b)
Start importing Assets/Script/Animancer/StateMachines using Guid(72a7d8c4e4dc17c469b8667309ba19d6) Importer(815301076,1909f56bfc062723c751e8b465ee728b)  -> (artifact id: 'fbddf646bff698dd0ac62f5f55afc135') in 0.001733 seconds 
  Import took 0.004121 seconds .

========================================================================
Received Import Request.
  Time since last request: 53.434298 seconds.
  path: Assets/Script/Animancer/StateMachines/StateEnum.cs
  artifactKey: Guid(02adee9bb09db7e40bcc23ba3da7d7eb) Importer(815301076,1909f56bfc062723c751e8b465ee728b)
Start importing Assets/Script/Animancer/StateMachines/StateEnum.cs using Guid(02adee9bb09db7e40bcc23ba3da7d7eb) Importer(815301076,1909f56bfc062723c751e8b465ee728b)  -> (artifact id: 'f14af57c40351a76fc2999cec4a235c9') in 0.046623 seconds 
  Import took 0.049129 seconds .

========================================================================
Received Prepare
Registering precompiled user dll's ...
Registered in 0.113339 seconds.
Begin MonoManager ReloadAssembly
Native extension for WindowsStandalone target not found
Refreshing native plugins compatible for Editor in 0.36 ms, found 2 plugins.
Preloading 0 native plugins for Editor in 0.00 ms.
Mono: successfully reloaded assembly
- Completed reload, in  0.762 seconds
Domain Reload Profiling:
	ReloadAssembly (762ms)
		BeginReloadAssembly (78ms)
			ExecutionOrderSort (0ms)
			DisableScriptedObjects (3ms)
			BackupInstance (0ms)
			ReleaseScriptingObjects (0ms)
			CreateAndSetChildDomain (29ms)
		EndReloadAssembly (643ms)
			LoadAssemblies (59ms)
			RebuildTransferFunctionScriptingTraits (0ms)
			SetupTypeCache (218ms)
			ReleaseScriptCaches (1ms)
			RebuildScriptCaches (34ms)
			SetupLoadedEditorAssemblies (249ms)
				LogAssemblyErrors (0ms)
				InitializePlatformSupportModulesInManaged (4ms)
				SetLoadedEditorAssemblies (0ms)
				RefreshPlugins (0ms)
				BeforeProcessingInitializeOnLoad (56ms)
				ProcessInitializeOnLoadAttributes (177ms)
				ProcessInitializeOnLoadMethodAttributes (9ms)
				AfterProcessingInitializeOnLoad (2ms)
				EditorAssembliesLoaded (0ms)
			ExecutionOrderSort2 (0ms)
			AwakeInstancesAfterBackupRestoration (7ms)
Platform modules already initialized, skipping
Script is not up to date after domain reload: guid(cd451b5f463dc3740aaaac773a80ba71) path("Assets/Script/Animancer/StateMachines/StateMachinesMgr.cs") state(2)
Refreshing native plugins compatible for Editor in 0.35 ms, found 2 plugins.
Preloading 0 native plugins for Editor in 0.00 ms.
Unloading 1748 Unused Serialized files (Serialized files now loaded: 0)
System memory in use before: 94.8 MB.
System memory in use after: 94.9 MB.

Unloading 16 unused Assets to reduce memory usage. Loaded Objects now: 2284.
Total: 2.296708 ms (FindLiveObjects: 0.157688 ms CreateObjectMapping: 0.054642 ms MarkObjects: 2.071903 ms  DeleteObjects: 0.011727 ms)

AssetImportParameters requested are different than current active one (requested -> active):
  custom:framework-win-MediaFoundation: 216162199b28c13a410421893ffa2e32 -> 
  custom:video-decoder-ogg-theora: a1e56fd34408186e4bbccfd4996cb3dc -> 
  custom:container-muxer-webm: aa71ff27fc2769a1b78a27578f13a17b -> 
  custom:container-demuxer-webm: 4f35f7cbe854078d1ac9338744f61a02 -> 
  custom:container-demuxer-ogg: 62fdf1f143b41e24485cea50d1cbac27 -> 
  custom:video-encoder-webm-vp8: eb34c28f22e8b96e1ab97ce403110664 -> 
  custom:video-decoder-webm-vp8: 9c59270c3fd7afecdb556c50c9e8de78 -> 
  custom:audio-decoder-ogg-vorbis: bf7c407c2cedff20999df2af8eb42d56 -> 
  custom:audio-encoder-webm-vorbis: bf7c407c2cedff20999df2af8eb42d56 -> 
========================================================================
Received Prepare
Registering precompiled user dll's ...
Registered in 0.001707 seconds.
Begin MonoManager ReloadAssembly
Native extension for WindowsStandalone target not found
Refreshing native plugins compatible for Editor in 0.36 ms, found 2 plugins.
Preloading 0 native plugins for Editor in 0.00 ms.
Mono: successfully reloaded assembly
- Completed reload, in  0.705 seconds
Domain Reload Profiling:
	ReloadAssembly (705ms)
		BeginReloadAssembly (69ms)
			ExecutionOrderSort (0ms)
			DisableScriptedObjects (4ms)
			BackupInstance (0ms)
			ReleaseScriptingObjects (0ms)
			CreateAndSetChildDomain (21ms)
		EndReloadAssembly (596ms)
			LoadAssemblies (55ms)
			RebuildTransferFunctionScriptingTraits (0ms)
			SetupTypeCache (206ms)
			ReleaseScriptCaches (1ms)
			RebuildScriptCaches (39ms)
			SetupLoadedEditorAssemblies (218ms)
				LogAssemblyErrors (0ms)
				InitializePlatformSupportModulesInManaged (4ms)
				SetLoadedEditorAssemblies (0ms)
				RefreshPlugins (0ms)
				BeforeProcessingInitializeOnLoad (54ms)
				ProcessInitializeOnLoadAttributes (150ms)
				ProcessInitializeOnLoadMethodAttributes (8ms)
				AfterProcessingInitializeOnLoad (1ms)
				EditorAssembliesLoaded (0ms)
			ExecutionOrderSort2 (0ms)
			AwakeInstancesAfterBackupRestoration (5ms)
Platform modules already initialized, skipping
Refreshing native plugins compatible for Editor in 0.35 ms, found 2 plugins.
Preloading 0 native plugins for Editor in 0.00 ms.
Unloading 1749 Unused Serialized files (Serialized files now loaded: 0)
System memory in use before: 94.8 MB.
System memory in use after: 94.9 MB.

Unloading 16 unused Assets to reduce memory usage. Loaded Objects now: 2287.
Total: 2.431941 ms (FindLiveObjects: 0.200603 ms CreateObjectMapping: 0.058634 ms MarkObjects: 2.159230 ms  DeleteObjects: 0.012475 ms)

AssetImportParameters requested are different than current active one (requested -> active):
  custom:framework-win-MediaFoundation: 216162199b28c13a410421893ffa2e32 -> 
  custom:video-decoder-ogg-theora: a1e56fd34408186e4bbccfd4996cb3dc -> 
  custom:container-muxer-webm: aa71ff27fc2769a1b78a27578f13a17b -> 
  custom:container-demuxer-webm: 4f35f7cbe854078d1ac9338744f61a02 -> 
  custom:container-demuxer-ogg: 62fdf1f143b41e24485cea50d1cbac27 -> 
  custom:video-encoder-webm-vp8: eb34c28f22e8b96e1ab97ce403110664 -> 
  custom:video-decoder-webm-vp8: 9c59270c3fd7afecdb556c50c9e8de78 -> 
  custom:audio-decoder-ogg-vorbis: bf7c407c2cedff20999df2af8eb42d56 -> 
  custom:audio-encoder-webm-vorbis: bf7c407c2cedff20999df2af8eb42d56 -> 
========================================================================
Received Import Request.
  Time since last request: 23.506201 seconds.
  path: Assets/Script/Animancer/StateMachines/StateMachinesMgr.cs
  artifactKey: Guid(cd451b5f463dc3740aaaac773a80ba71) Importer(815301076,1909f56bfc062723c751e8b465ee728b)
Start importing Assets/Script/Animancer/StateMachines/StateMachinesMgr.cs using Guid(cd451b5f463dc3740aaaac773a80ba71) Importer(815301076,1909f56bfc062723c751e8b465ee728b)  -> (artifact id: '33bc5e409b273088df6868c3cecd3e8a') in 0.003746 seconds 
  Import took 0.005904 seconds .

========================================================================
Received Import Request.
  Time since last request: 1635.868101 seconds.
  path: Assets/Plugins/Animancer/Examples/02 Fine Control
  artifactKey: Guid(dbbca4e31839a6847a34520ae8912075) Importer(815301076,1909f56bfc062723c751e8b465ee728b)
Start importing Assets/Plugins/Animancer/Examples/02 Fine Control using Guid(dbbca4e31839a6847a34520ae8912075) Importer(815301076,1909f56bfc062723c751e8b465ee728b)  -> (artifact id: '2c09be36a6220428f57234ff6293931c') in 0.014391 seconds 
  Import took 0.017568 seconds .

========================================================================
Received Import Request.
  Time since last request: 6.937090 seconds.
  path: Assets/Plugins/Animancer/Examples/01 Basics/02 Playing And Fading/Playing And Fading.unity
  artifactKey: Guid(62c232f7bb9346d48ab8fb2ba70f6449) Importer(815301076,1909f56bfc062723c751e8b465ee728b)
Start importing Assets/Plugins/Animancer/Examples/01 Basics/02 Playing And Fading/Playing And Fading.unity using Guid(62c232f7bb9346d48ab8fb2ba70f6449) Importer(815301076,1909f56bfc062723c751e8b465ee728b)  -> (artifact id: '8b2932eb1eee88aeaadd9bf2589d3627') in 0.007958 seconds 
  Import took 0.010352 seconds .

========================================================================
Received Prepare
Registering precompiled user dll's ...
Registered in 0.001866 seconds.
Begin MonoManager ReloadAssembly
Native extension for WindowsStandalone target not found
Refreshing native plugins compatible for Editor in 0.39 ms, found 2 plugins.
Preloading 0 native plugins for Editor in 0.00 ms.
Mono: successfully reloaded assembly
- Completed reload, in  0.796 seconds
Domain Reload Profiling:
	ReloadAssembly (797ms)
		BeginReloadAssembly (79ms)
			ExecutionOrderSort (0ms)
			DisableScriptedObjects (4ms)
			BackupInstance (0ms)
			ReleaseScriptingObjects (0ms)
			CreateAndSetChildDomain (27ms)
		EndReloadAssembly (674ms)
			LoadAssemblies (64ms)
			RebuildTransferFunctionScriptingTraits (0ms)
			SetupTypeCache (233ms)
			ReleaseScriptCaches (1ms)
			RebuildScriptCaches (38ms)
			SetupLoadedEditorAssemblies (248ms)
				LogAssemblyErrors (0ms)
				InitializePlatformSupportModulesInManaged (4ms)
				SetLoadedEditorAssemblies (0ms)
				RefreshPlugins (0ms)
				BeforeProcessingInitializeOnLoad (59ms)
				ProcessInitializeOnLoadAttributes (173ms)
				ProcessInitializeOnLoadMethodAttributes (10ms)
				AfterProcessingInitializeOnLoad (1ms)
				EditorAssembliesLoaded (0ms)
			ExecutionOrderSort2 (0ms)
			AwakeInstancesAfterBackupRestoration (6ms)
Platform modules already initialized, skipping
Refreshing native plugins compatible for Editor in 0.38 ms, found 2 plugins.
Preloading 0 native plugins for Editor in 0.00 ms.
Unloading 1749 Unused Serialized files (Serialized files now loaded: 0)
System memory in use before: 94.8 MB.
System memory in use after: 94.9 MB.

Unloading 16 unused Assets to reduce memory usage. Loaded Objects now: 2289.
Total: 2.850862 ms (FindLiveObjects: 0.243768 ms CreateObjectMapping: 0.067866 ms MarkObjects: 2.516773 ms  DeleteObjects: 0.021458 ms)

AssetImportParameters requested are different than current active one (requested -> active):
  custom:framework-win-MediaFoundation: 216162199b28c13a410421893ffa2e32 -> 
  custom:video-decoder-ogg-theora: a1e56fd34408186e4bbccfd4996cb3dc -> 
  custom:container-muxer-webm: aa71ff27fc2769a1b78a27578f13a17b -> 
  custom:container-demuxer-webm: 4f35f7cbe854078d1ac9338744f61a02 -> 
  custom:container-demuxer-ogg: 62fdf1f143b41e24485cea50d1cbac27 -> 
  custom:video-encoder-webm-vp8: eb34c28f22e8b96e1ab97ce403110664 -> 
  custom:video-decoder-webm-vp8: 9c59270c3fd7afecdb556c50c9e8de78 -> 
  custom:audio-decoder-ogg-vorbis: bf7c407c2cedff20999df2af8eb42d56 -> 
  custom:audio-encoder-webm-vorbis: bf7c407c2cedff20999df2af8eb42d56 -> 
AssetImportWorkerClient::OnTransportError - code=2 error=End of file
