Using pre-set license
Built from '2020.3/staging' branch; Version is '2020.3.21f1 (a38c86f6690f) revision 10718342'; Using compiler version '192528614'; Build Type 'Release'
OS: 'Windows 7  (6.1.0) 64bit' Language: 'zh' Physical Memory: 16294 MB
BatchMode: 1, IsHumanControllingUs: 0, StartBugReporterOnCrash: 0, Is64bit: 1, IsPro: 0

COMMAND LINE ARGUMENTS:
D:\Unity\Editor\2020.3.21f1\Editor\Unity.exe
-adb2
-batchMode
-noUpm
-name
AssetImportWorker0
-projectPath
E:/code/MyGameLearn/Unity/Playable/PlayableDemo
-logFile
Logs/AssetImportWorker0.log
-srvPort
55872
Successfully changed project path to: E:/code/MyGameLearn/Unity/Playable/PlayableDemo
E:/code/MyGameLearn/Unity/Playable/PlayableDemo
Using Asset Import Pipeline V2.
Refreshing native plugins compatible for Editor in 31.35 ms, found 2 plugins.
Preloading 0 native plugins for Editor in 0.00 ms.
Initialize engine version: 2020.3.21f1 (a38c86f6690f)
[Subsystems] Discovering subsystems at path D:/Unity/Editor/2020.3.21f1/Editor/Data/Resources/UnitySubsystems
[Subsystems] Discovering subsystems at path E:/code/MyGameLearn/Unity/Playable/PlayableDemo/Assets
GfxDevice: creating device client; threaded=0
d3d11: CreateDXGIFactory2(...) not found, fallbacking to CreateDXGIFactory1(...).
d3d11: QueryInterface(IDXGIFactory5) failed (80004002).
Direct3D:
    Version:  Direct3D 11.0 [level 11.0]
    Renderer: NVIDIA GeForce GTX 1650 (ID=0x1f82)
    Vendor:   
    VRAM:     3950 MB
    Driver:   27.21.14.6589
Initialize mono
Mono path[0] = 'D:/Unity/Editor/2020.3.21f1/Editor/Data/Managed'
Mono path[1] = 'D:/Unity/Editor/2020.3.21f1/Editor/Data/MonoBleedingEdge/lib/mono/unityjit'
Mono config path = 'D:/Unity/Editor/2020.3.21f1/Editor/Data/MonoBleedingEdge/etc'
Using monoOptions --debugger-agent=transport=dt_socket,embedding=1,server=y,suspend=n,address=127.0.0.1:56716
Begin MonoManager ReloadAssembly
Registering precompiled unity dll's ...
Register platform support module: D:/Unity/Editor/2020.3.21f1/Editor/Data/PlaybackEngines/WindowsStandaloneSupport/UnityEditor.WindowsStandalone.Extensions.dll
Registered in 0.000459 seconds.
Native extension for WindowsStandalone target not found
Refreshing native plugins compatible for Editor in 31.88 ms, found 2 plugins.
Preloading 0 native plugins for Editor in 0.00 ms.
Mono: successfully reloaded assembly
- Completed reload, in  0.821 seconds
Domain Reload Profiling:
	ReloadAssembly (821ms)
		BeginReloadAssembly (38ms)
			ExecutionOrderSort (0ms)
			DisableScriptedObjects (0ms)
			BackupInstance (0ms)
			ReleaseScriptingObjects (0ms)
			CreateAndSetChildDomain (1ms)
		EndReloadAssembly (368ms)
			LoadAssemblies (37ms)
			RebuildTransferFunctionScriptingTraits (0ms)
			SetupTypeCache (122ms)
			ReleaseScriptCaches (0ms)
			RebuildScriptCaches (28ms)
			SetupLoadedEditorAssemblies (140ms)
				LogAssemblyErrors (0ms)
				InitializePlatformSupportModulesInManaged (3ms)
				SetLoadedEditorAssemblies (0ms)
				RefreshPlugins (32ms)
				BeforeProcessingInitializeOnLoad (13ms)
				ProcessInitializeOnLoadAttributes (70ms)
				ProcessInitializeOnLoadMethodAttributes (21ms)
				AfterProcessingInitializeOnLoad (0ms)
				EditorAssembliesLoaded (0ms)
			ExecutionOrderSort2 (0ms)
			AwakeInstancesAfterBackupRestoration (0ms)
Platform modules already initialized, skipping
Registering precompiled user dll's ...
Registered in 0.002373 seconds.
Begin MonoManager ReloadAssembly
Native extension for WindowsStandalone target not found
Refreshing native plugins compatible for Editor in 0.44 ms, found 2 plugins.
Preloading 0 native plugins for Editor in 0.00 ms.
Mono: successfully reloaded assembly
- Completed reload, in  0.812 seconds
Domain Reload Profiling:
	ReloadAssembly (813ms)
		BeginReloadAssembly (105ms)
			ExecutionOrderSort (0ms)
			DisableScriptedObjects (4ms)
			BackupInstance (0ms)
			ReleaseScriptingObjects (0ms)
			CreateAndSetChildDomain (12ms)
		EndReloadAssembly (664ms)
			LoadAssemblies (59ms)
			RebuildTransferFunctionScriptingTraits (0ms)
			SetupTypeCache (235ms)
			ReleaseScriptCaches (0ms)
			RebuildScriptCaches (45ms)
			SetupLoadedEditorAssemblies (245ms)
				LogAssemblyErrors (0ms)
				InitializePlatformSupportModulesInManaged (4ms)
				SetLoadedEditorAssemblies (0ms)
				RefreshPlugins (0ms)
				BeforeProcessingInitializeOnLoad (60ms)
				ProcessInitializeOnLoadAttributes (170ms)
				ProcessInitializeOnLoadMethodAttributes (9ms)
				AfterProcessingInitializeOnLoad (1ms)
				EditorAssembliesLoaded (0ms)
			ExecutionOrderSort2 (0ms)
			AwakeInstancesAfterBackupRestoration (5ms)
Platform modules already initialized, skipping
========================================================================
Worker process is ready to serve import requests
Launched and connected shader compiler UnityShaderCompiler.exe after 0.03 seconds
Refreshing native plugins compatible for Editor in 0.47 ms, found 2 plugins.
Preloading 0 native plugins for Editor in 0.00 ms.
Unloading 1768 Unused Serialized files (Serialized files now loaded: 0)
System memory in use before: 79.0 MB.
System memory in use after: 79.1 MB.

Unloading 21 unused Assets to reduce memory usage. Loaded Objects now: 2202.
Total: 2.548460 ms (FindLiveObjects: 0.159934 ms CreateObjectMapping: 0.056139 ms MarkObjects: 2.282486 ms  DeleteObjects: 0.049153 ms)

AssetImportParameters requested are different than current active one (requested -> active):
  custom:framework-win-MediaFoundation: 216162199b28c13a410421893ffa2e32 -> 
  custom:video-decoder-ogg-theora: a1e56fd34408186e4bbccfd4996cb3dc -> 
  custom:container-muxer-webm: aa71ff27fc2769a1b78a27578f13a17b -> 
  custom:container-demuxer-webm: 4f35f7cbe854078d1ac9338744f61a02 -> 
  custom:container-demuxer-ogg: 62fdf1f143b41e24485cea50d1cbac27 -> 
  custom:video-encoder-webm-vp8: eb34c28f22e8b96e1ab97ce403110664 -> 
  custom:video-decoder-webm-vp8: 9c59270c3fd7afecdb556c50c9e8de78 -> 
  custom:audio-decoder-ogg-vorbis: bf7c407c2cedff20999df2af8eb42d56 -> 
  custom:audio-encoder-webm-vorbis: bf7c407c2cedff20999df2af8eb42d56 -> 
========================================================================
Received Import Request.
  path: Assets/TextMesh Pro
  artifactKey: Guid(f54d1bd14bd3ca042bd867b519fee8cc) Importer(815301076,1909f56bfc062723c751e8b465ee728b)
Start importing Assets/TextMesh Pro using Guid(f54d1bd14bd3ca042bd867b519fee8cc) Importer(815301076,1909f56bfc062723c751e8b465ee728b)  -> (artifact id: '16b4cbde9565bf190136f1148817e1ea') in 0.017687 seconds 
  Import took 0.019875 seconds .

========================================================================
Received Import Request.
  Time since last request: 8.521337 seconds.
  path: Assets/Scenes/Animancer/QuickPlay.unity
  artifactKey: Guid(dbb79af2fe1dba344b5a1d27dcd0479f) Importer(815301076,1909f56bfc062723c751e8b465ee728b)
Start importing Assets/Scenes/Animancer/QuickPlay.unity using Guid(dbb79af2fe1dba344b5a1d27dcd0479f) Importer(815301076,1909f56bfc062723c751e8b465ee728b)  -> (artifact id: '1c5eb86e51355cf70d603ea41d6914b7') in 0.009647 seconds 
  Import took 0.011946 seconds .

========================================================================
Received Import Request.
  Time since last request: 18.463146 seconds.
  path: Assets/Plugins/Animancer/Examples/Code
  artifactKey: Guid(5028c98d71835334689ae7d7e1f17d1b) Importer(815301076,1909f56bfc062723c751e8b465ee728b)
Start importing Assets/Plugins/Animancer/Examples/Code using Guid(5028c98d71835334689ae7d7e1f17d1b) Importer(815301076,1909f56bfc062723c751e8b465ee728b)  -> (artifact id: 'e068b5136c87db078bf4e4602ea1109e') in 0.002892 seconds 
  Import took 0.005705 seconds .

========================================================================
Received Import Request.
  Time since last request: 1.778930 seconds.
  path: Assets/Plugins/Animancer/Examples/Code/AssemblyInfo.cs
  artifactKey: Guid(8545b522635585b4391e3132c7918e98) Importer(815301076,1909f56bfc062723c751e8b465ee728b)
Start importing Assets/Plugins/Animancer/Examples/Code/AssemblyInfo.cs using Guid(8545b522635585b4391e3132c7918e98) Importer(815301076,1909f56bfc062723c751e8b465ee728b)  -> (artifact id: 'c2d89ccbf0ea339a5e0eb6a483aa8613') in 0.068627 seconds 
  Import took 0.071022 seconds .

========================================================================
Received Import Request.
  Time since last request: 10.206944 seconds.
  path: Assets/Plugins/Animancer/Examples/10 Animation Jobs/01 Two Bone IK/TwoBoneIK.cs
  artifactKey: Guid(4644e20664c69c341983191f5c1fd51c) Importer(815301076,1909f56bfc062723c751e8b465ee728b)
Start importing Assets/Plugins/Animancer/Examples/10 Animation Jobs/01 Two Bone IK/TwoBoneIK.cs using Guid(4644e20664c69c341983191f5c1fd51c) Importer(815301076,1909f56bfc062723c751e8b465ee728b)  -> (artifact id: '6a61a0669e8b27c62f6a3a3c8b7d9a0d') in 0.002801 seconds 
  Import took 0.005159 seconds .

========================================================================
Received Import Request.
  Time since last request: 5.786617 seconds.
  path: Assets/Plugins/Animancer/Examples/10 Animation Jobs/01 Two Bone IK/TwoBoneIKJob.cs
  artifactKey: Guid(e8a1c1fdbdcdc90409823900f754291e) Importer(815301076,1909f56bfc062723c751e8b465ee728b)
Start importing Assets/Plugins/Animancer/Examples/10 Animation Jobs/01 Two Bone IK/TwoBoneIKJob.cs using Guid(e8a1c1fdbdcdc90409823900f754291e) Importer(815301076,1909f56bfc062723c751e8b465ee728b)  -> (artifact id: '55ac6ca51d1b38274f1debcb938e07da') in 0.002940 seconds 
  Import took 0.005561 seconds .

========================================================================
Received Import Request.
  Time since last request: 22.191913 seconds.
  path: Assets/Plugins/Animancer/Examples/07 Layers
  artifactKey: Guid(1ae2cfc7da2a93c469fc268f328e1c25) Importer(815301076,1909f56bfc062723c751e8b465ee728b)
Start importing Assets/Plugins/Animancer/Examples/07 Layers using Guid(1ae2cfc7da2a93c469fc268f328e1c25) Importer(815301076,1909f56bfc062723c751e8b465ee728b)  -> (artifact id: 'b284f9a7bd59d44deab5ed550d71d47f') in 0.002897 seconds 
  Import took 0.005368 seconds .

========================================================================
Received Import Request.
  Time since last request: 8.589666 seconds.
  path: Assets/Plugins/Animancer/Examples/06 State Machines/01 Game Manager/GameManagerFSM.State.cs
  artifactKey: Guid(347c211adf33ea943b2f4cea1c9f21a9) Importer(815301076,1909f56bfc062723c751e8b465ee728b)
Start importing Assets/Plugins/Animancer/Examples/06 State Machines/01 Game Manager/GameManagerFSM.State.cs using Guid(347c211adf33ea943b2f4cea1c9f21a9) Importer(815301076,1909f56bfc062723c751e8b465ee728b)  -> (artifact id: '20261e38d9ac5ba2cb9ee012602fb348') in 0.002812 seconds 
  Import took 0.005106 seconds .

========================================================================
Received Import Request.
  Time since last request: 5.474441 seconds.
  path: Assets/Plugins/Animancer/Examples/06 State Machines/01 Game Manager/GameManagerEnum.cs
  artifactKey: Guid(1169b6d28143c3142b37e3c5c87f4595) Importer(815301076,1909f56bfc062723c751e8b465ee728b)
Start importing Assets/Plugins/Animancer/Examples/06 State Machines/01 Game Manager/GameManagerEnum.cs using Guid(1169b6d28143c3142b37e3c5c87f4595) Importer(815301076,1909f56bfc062723c751e8b465ee728b)  -> (artifact id: '5c929dc6d7ab3c441c197568011924b8') in 0.002910 seconds 
  Import took 0.005446 seconds .

========================================================================
Received Import Request.
  Time since last request: 250.755134 seconds.
  path: Assets/Plugins/Animancer/Examples/Code/TimeScale.cs
  artifactKey: Guid(0d21b2e4286e186458c3c5d539dd166b) Importer(815301076,1909f56bfc062723c751e8b465ee728b)
Start importing Assets/Plugins/Animancer/Examples/Code/TimeScale.cs using Guid(0d21b2e4286e186458c3c5d539dd166b) Importer(815301076,1909f56bfc062723c751e8b465ee728b)  -> (artifact id: '06fa6e7bb00f6fbb51e7ab9b492fbb9e') in 0.004622 seconds 
  Import took 0.006948 seconds .

========================================================================
Received Import Request.
  Time since last request: 13.121123 seconds.
  path: Assets/Plugins/Animancer/Internal/Editor
  artifactKey: Guid(65c213fe834e34046aa4275b1e5ac17b) Importer(815301076,1909f56bfc062723c751e8b465ee728b)
Start importing Assets/Plugins/Animancer/Internal/Editor using Guid(65c213fe834e34046aa4275b1e5ac17b) Importer(815301076,1909f56bfc062723c751e8b465ee728b)  -> (artifact id: '0aef3d991868c6e20fed19f203fbe467') in 0.018256 seconds 
  Import took 0.020568 seconds .

========================================================================
Received Import Request.
  Time since last request: 5.501176 seconds.
  path: Assets/Plugins/Animancer/Internal/Mixer States
  artifactKey: Guid(c540fe7616fb74e498c179703c845109) Importer(815301076,1909f56bfc062723c751e8b465ee728b)
Start importing Assets/Plugins/Animancer/Internal/Mixer States using Guid(c540fe7616fb74e498c179703c845109) Importer(815301076,1909f56bfc062723c751e8b465ee728b)  -> (artifact id: 'dcb2704a44c0fa44a315c2d3c714c9c1') in 0.016623 seconds 
  Import took 0.019012 seconds .

========================================================================
Received Prepare
Registering precompiled user dll's ...
Registered in 0.040209 seconds.
Begin MonoManager ReloadAssembly
Native extension for WindowsStandalone target not found
Refreshing native plugins compatible for Editor in 0.42 ms, found 2 plugins.
Preloading 0 native plugins for Editor in 0.00 ms.
Mono: successfully reloaded assembly
- Completed reload, in  0.823 seconds
Domain Reload Profiling:
	ReloadAssembly (824ms)
		BeginReloadAssembly (81ms)
			ExecutionOrderSort (0ms)
			DisableScriptedObjects (4ms)
			BackupInstance (0ms)
			ReleaseScriptingObjects (0ms)
			CreateAndSetChildDomain (26ms)
		EndReloadAssembly (697ms)
			LoadAssemblies (64ms)
			RebuildTransferFunctionScriptingTraits (0ms)
			SetupTypeCache (245ms)
			ReleaseScriptCaches (1ms)
			RebuildScriptCaches (42ms)
			SetupLoadedEditorAssemblies (256ms)
				LogAssemblyErrors (0ms)
				InitializePlatformSupportModulesInManaged (5ms)
				SetLoadedEditorAssemblies (0ms)
				RefreshPlugins (0ms)
				BeforeProcessingInitializeOnLoad (65ms)
				ProcessInitializeOnLoadAttributes (174ms)
				ProcessInitializeOnLoadMethodAttributes (10ms)
				AfterProcessingInitializeOnLoad (1ms)
				EditorAssembliesLoaded (0ms)
			ExecutionOrderSort2 (0ms)
			AwakeInstancesAfterBackupRestoration (6ms)
Platform modules already initialized, skipping
Refreshing native plugins compatible for Editor in 0.43 ms, found 2 plugins.
Preloading 0 native plugins for Editor in 0.00 ms.
Unloading 1749 Unused Serialized files (Serialized files now loaded: 0)
System memory in use before: 77.5 MB.
System memory in use after: 77.7 MB.

Unloading 16 unused Assets to reduce memory usage. Loaded Objects now: 2204.
Total: 2.841631 ms (FindLiveObjects: 0.165173 ms CreateObjectMapping: 0.060381 ms MarkObjects: 2.595368 ms  DeleteObjects: 0.019212 ms)

AssetImportParameters requested are different than current active one (requested -> active):
  custom:framework-win-MediaFoundation: 216162199b28c13a410421893ffa2e32 -> 
  custom:video-decoder-ogg-theora: a1e56fd34408186e4bbccfd4996cb3dc -> 
  custom:container-muxer-webm: aa71ff27fc2769a1b78a27578f13a17b -> 
  custom:container-demuxer-webm: 4f35f7cbe854078d1ac9338744f61a02 -> 
  custom:container-demuxer-ogg: 62fdf1f143b41e24485cea50d1cbac27 -> 
  custom:video-encoder-webm-vp8: eb34c28f22e8b96e1ab97ce403110664 -> 
  custom:video-decoder-webm-vp8: 9c59270c3fd7afecdb556c50c9e8de78 -> 
  custom:audio-decoder-ogg-vorbis: bf7c407c2cedff20999df2af8eb42d56 -> 
  custom:audio-encoder-webm-vorbis: bf7c407c2cedff20999df2af8eb42d56 -> 
AssetImportWorkerClient::OnTransportError - code=2 error=End of file
